#
# A fatal error has been detected by the Java Runtime Environment:
#
#  EXCEPTION_ACCESS_VIOLATION (0xc0000005) at pc=0x00007ffb42d083bb, pid=9684, tid=17700
#
# JRE version: Java(TM) SE Runtime Environment (11.0+28) (build 11+28)
# Java VM: Java HotSpot(TM) 64-Bit Server VM (11+28, mixed mode, tiered, compressed oops, g1 gc, windows-amd64)
# Problematic frame:
# C  [ig9icd64.dll+0x9183bb]
#
# No core dump will be written. Minidumps are not enabled by default on client versions of Windows
#
# If you would like to submit a bug report, please visit:
#   http://bugreport.java.com/bugreport/crash.jsp
# The crash happened outside the Java Virtual Machine in native code.
# See problematic frame for where to report the bug.
#

---------------  S U M M A R Y ------------

Command Line: -Djava.library.path=C:\Users\mawan6\OneDrive - George Mason University - O365 Production\CS551\JOGL2022\jogamp-all-platforms\lib\windows-amd64;C:\Users\mawan6\OneDrive - George Mason University - O365 Production\CS551\JOGL2022\jogamp-all-platforms\lib\windows-amd64 -Dfile.encoding=UTF-8 -Dstdout.encoding=UTF-8 -Dstderr.encoding=UTF-8 HW5_BounceInCircle

Host: Intel(R) Core(TM) i5-9500 CPU @ 3.00GHz, 6 cores, 15G,  Windows 10 , 64 bit Build 22621 (10.0.22621.3958)
Time: Thu Oct 24 15:09:58 2024 Eastern Daylight Time elapsed time: 1 seconds (0d 0h 0m 1s)

---------------  T H R E A D  ---------------

Current thread (0x0000022c5e3b6000):  JavaThread "AWT-EventQueue-0" [_thread_in_native, id=17700, stack(0x000000f2bc800000,0x000000f2bc900000)]

Stack: [0x000000f2bc800000,0x000000f2bc900000],  sp=0x000000f2bc8fa5e0,  free space=1001k
Native frames: (J=compiled Java code, j=interpreted, Vv=VM code, C=native code)
C  [ig9icd64.dll+0x9183bb]

Java frames: (J=compiled Java code, j=interpreted, Vv=VM code)
j  jogamp.opengl.gl4.GL4bcImpl.dispatch_glDrawArrays1(IIIJ)V+0
j  jogamp.opengl.gl4.GL4bcImpl.glDrawArrays(III)V+45
j  HW5_BounceInCircle.drawTriPoints()V+243
j  HW5_BounceInCircle.display(Lcom/jogamp/opengl/GLAutoDrawable;)V+43
j  jogamp.opengl.GLDrawableHelper.displayImpl(Lcom/jogamp/opengl/GLAutoDrawable;)V+62
j  jogamp.opengl.GLDrawableHelper.display(Lcom/jogamp/opengl/GLAutoDrawable;)V+2
j  com.jogamp.opengl.awt.GLCanvas$11.run()V+118
j  jogamp.opengl.GLDrawableHelper.invokeGLImpl(Lcom/jogamp/opengl/GLDrawable;Lcom/jogamp/opengl/GLContext;Ljava/lang/Runnable;Ljava/lang/Runnable;)V+203
j  jogamp.opengl.GLDrawableHelper.invokeGL(Lcom/jogamp/opengl/GLDrawable;Lcom/jogamp/opengl/GLContext;Ljava/lang/Runnable;Ljava/lang/Runnable;)V+72
j  com.jogamp.opengl.awt.GLCanvas$12.run()V+104
j  java.awt.event.InvocationEvent.dispatch()V+11 java.desktop@11
j  java.awt.EventQueue.dispatchEventImpl(Ljava/awt/AWTEvent;Ljava/lang/Object;)V+21 java.desktop@11
j  java.awt.EventQueue$4.run()Ljava/lang/Void;+32 java.desktop@11
j  java.awt.EventQueue$4.run()Ljava/lang/Object;+1 java.desktop@11
v  ~StubRoutines::call_stub
j  java.security.AccessController.doPrivileged(Ljava/security/PrivilegedAction;Ljava/security/AccessControlContext;)Ljava/lang/Object;+0 java.base@11
j  java.security.ProtectionDomain$JavaSecurityAccessImpl.doIntersectionPrivilege(Ljava/security/PrivilegedAction;Ljava/security/AccessControlContext;Ljava/security/AccessControlContext;)Ljava/lang/Object;+18 java.base@11
j  java.awt.EventQueue.dispatchEvent(Ljava/awt/AWTEvent;)V+46 java.desktop@11
j  java.awt.EventDispatchThread.pumpOneEventForFilters(I)V+78 java.desktop@11
j  java.awt.EventDispatchThread.pumpEventsForFilter(ILjava/awt/Conditional;Ljava/awt/EventFilter;)V+35 java.desktop@11
j  java.awt.EventDispatchThread.pumpEventsForHierarchy(ILjava/awt/Conditional;Ljava/awt/Component;)V+11 java.desktop@11
j  java.awt.EventDispatchThread.pumpEvents(ILjava/awt/Conditional;)V+4 java.desktop@11
j  java.awt.EventDispatchThread.pumpEvents(Ljava/awt/Conditional;)V+3 java.desktop@11
j  java.awt.EventDispatchThread.run()V+9 java.desktop@11
v  ~StubRoutines::call_stub

siginfo: EXCEPTION_ACCESS_VIOLATION (0xc0000005), reading address 0x0000000000000030


Register to memory mapping:

RIP=0x00007ffb42d083bb ig9icd64.dll
RAX=0x0000022c5e3cfa40 points into unknown readable memory
RBX=0x0 is NULL
RCX=0x0 is NULL
RDX=0x0000022c65c7ff90 points into unknown readable memory
RSP=0x000000f2bc8fa5e0 is pointing into the stack for thread: 0x0000022c5e3b6000
RBP=0x000000f2bc8fa6e0 is pointing into the stack for thread: 0x0000022c5e3b6000
RSI=0x0000022c65c80870 points into unknown readable memory
RDI=0x0000022c5ee96e80 points into unknown readable memory
R8 =0x0000022c5f027900 points into unknown readable memory
R9 =0x0000022c65c7ff90 points into unknown readable memory
R10=0x0000022c5eec1f4a points into unknown readable memory
R11=0x0000000000000001 is an unknown value
R12=0x0000000000000003 is an unknown value
R13=0x0000022c5e3cfbf8 points into unknown readable memory
R14=0x0 is NULL
R15=0x0 is NULL


Registers:
RAX=0x0000022c5e3cfa40, RBX=0x0000000000000000, RCX=0x0000000000000000, RDX=0x0000022c65c7ff90
RSP=0x000000f2bc8fa5e0, RBP=0x000000f2bc8fa6e0, RSI=0x0000022c65c80870, RDI=0x0000022c5ee96e80
R8 =0x0000022c5f027900, R9 =0x0000022c65c7ff90, R10=0x0000022c5eec1f4a, R11=0x0000000000000001
R12=0x0000000000000003, R13=0x0000022c5e3cfbf8, R14=0x0000000000000000, R15=0x0000000000000000
RIP=0x00007ffb42d083bb, EFLAGS=0x0000000000010206

Top of Stack: (sp=0x000000f2bc8fa5e0)
0x000000f2bc8fa5e0:   0000000000000002 0000022c5eec06f8
0x000000f2bc8fa5f0:   0000001000000000 0000022c5eecf800
0x000000f2bc8fa600:   0000022c5eec19e0 0000022c5f015c40
0x000000f2bc8fa610:   0000000000000001 0000022c65ca3440
0x000000f2bc8fa620:   0000022c5f020000 00000000ffffffff
0x000000f2bc8fa630:   0000000000000001 0000000200000000
0x000000f2bc8fa640:   0000010100000000 0000000000000003
0x000000f2bc8fa650:   0000022c5eec1f4a 000000f2bc8fad30
0x000000f2bc8fa660:   0000000000000001 0000022c5e3cfbf8
0x000000f2bc8fa670:   0000022c5eec06b0 0000022c65c7ff90
0x000000f2bc8fa680:   0000022c5eec1f4a 0000022c5f015c40
0x000000f2bc8fa690:   0000000000000000 0000022c65ca3440
0x000000f2bc8fa6a0:   0000022c5f0279d0 0000000000000000
0x000000f2bc8fa6b0:   0000000000000000 0000000000000000
0x000000f2bc8fa6c0:   0000022c62ff0998 0000096800000001
0x000000f2bc8fa6d0:   0000022c5eecbc88 0000000000000000 

Instructions: (pc=0x00007ffb42d083bb)
0x00007ffb42d0839b:   49 89 13 45 2b e0 e9 94 00 00 00 83 78 08 00 74
0x00007ffb42d083ab:   39 4c 8d a8 b8 01 00 00 4c 89 6d 88 49 8b 5d 30
0x00007ffb42d083bb:   48 8b 43 30 48 8b 48 20 ba 02 00 00 00 48 8b 49
0x00007ffb42d083cb:   08 e8 6f 33 70 ff 4c 8b 5c 24 78 41 89 43 08 8b 



---------------  P R O C E S S  ---------------

Threads class SMR info:
_java_thread_list=0x0000022c5e4819b0, length=19, elements={
0x0000022c5d537800, 0x0000022c5d539000, 0x0000022c5d534800, 0x0000022c5d547000,
0x0000022c5d549000, 0x0000022c5d551800, 0x0000022c5d553000, 0x0000022c5d70b000,
0x0000022c5d755800, 0x0000022c5e3de800, 0x0000022c5e06f800, 0x0000022c5e2a1800,
0x0000022c5e3b6000, 0x0000022c5e37b800, 0x0000022c5f012800, 0x0000022c398c3000,
0x0000022c65ca2000, 0x0000022c65d3f000, 0x0000022c5e3c9800
}

Java Threads: ( => current thread )
  0x0000022c5d537800 JavaThread "Reference Handler" daemon [_thread_blocked, id=9148, stack(0x000000f2bb800000,0x000000f2bb900000)]
  0x0000022c5d539000 JavaThread "Finalizer" daemon [_thread_blocked, id=15052, stack(0x000000f2bb900000,0x000000f2bba00000)]
  0x0000022c5d534800 JavaThread "Signal Dispatcher" daemon [_thread_blocked, id=10052, stack(0x000000f2bba00000,0x000000f2bbb00000)]
  0x0000022c5d547000 JavaThread "Attach Listener" daemon [_thread_blocked, id=16992, stack(0x000000f2bbb00000,0x000000f2bbc00000)]
  0x0000022c5d549000 JavaThread "C2 CompilerThread0" daemon [_thread_blocked, id=17384, stack(0x000000f2bbc00000,0x000000f2bbd00000)]
  0x0000022c5d551800 JavaThread "C1 CompilerThread0" daemon [_thread_blocked, id=15032, stack(0x000000f2bbd00000,0x000000f2bbe00000)]
  0x0000022c5d553000 JavaThread "Sweeper thread" daemon [_thread_blocked, id=10908, stack(0x000000f2bbe00000,0x000000f2bbf00000)]
  0x0000022c5d70b000 JavaThread "Service Thread" daemon [_thread_blocked, id=8084, stack(0x000000f2bbf00000,0x000000f2bc000000)]
  0x0000022c5d755800 JavaThread "Common-Cleaner" daemon [_thread_blocked, id=3104, stack(0x000000f2bc100000,0x000000f2bc200000)]
  0x0000022c5e3de800 JavaThread "Java2D Disposer" daemon [_thread_blocked, id=15844, stack(0x000000f2bc300000,0x000000f2bc400000)]
  0x0000022c5e06f800 JavaThread "AWT-Shutdown" [_thread_blocked, id=13420, stack(0x000000f2bc400000,0x000000f2bc500000)]
  0x0000022c5e2a1800 JavaThread "AWT-Windows" daemon [_thread_in_native, id=14088, stack(0x000000f2bc500000,0x000000f2bc600000)]
=>0x0000022c5e3b6000 JavaThread "AWT-EventQueue-0" [_thread_in_native, id=17700, stack(0x000000f2bc800000,0x000000f2bc900000)]
  0x0000022c5e37b800 JavaThread "main-SharedResourceRunner" daemon [_thread_blocked, id=18312, stack(0x000000f2bc200000,0x000000f2bc300000)]
  0x0000022c5f012800 JavaThread "main-FPSAWTAnimator#00-Timer0" [_thread_blocked, id=11832, stack(0x000000f2bd200000,0x000000f2bd300000)]
  0x0000022c398c3000 JavaThread "DestroyJavaVM" [_thread_blocked, id=17628, stack(0x000000f2bb100000,0x000000f2bb200000)]
  0x0000022c65ca2000 JavaThread "Java Sound Event Dispatcher" daemon [_thread_blocked, id=14012, stack(0x000000f2bd500000,0x000000f2bd600000)]
  0x0000022c65d3f000 JavaThread "Direct Clip" daemon [_thread_blocked, id=17572, stack(0x000000f2bd800000,0x000000f2bd900000)]
  0x0000022c5e3c9800 JavaThread "Direct Clip" daemon [_thread_blocked, id=18020, stack(0x000000f2bd900000,0x000000f2bda00000)]

Other Threads:
  0x0000022c5d524800 VMThread "VM Thread" [stack: 0x000000f2bb700000,0x000000f2bb800000] [id=8440]
  0x0000022c5d6a4800 WatcherThread [stack: 0x000000f2bc000000,0x000000f2bc100000] [id=7684]
  0x0000022c398d9000 GCTaskThread "GC Thread#0" [stack: 0x000000f2bb200000,0x000000f2bb300000] [id=13004]
  0x0000022c5ed90800 GCTaskThread "GC Thread#1" [stack: 0x000000f2bca00000,0x000000f2bcb00000] [id=16360]
  0x0000022c5ed97800 GCTaskThread "GC Thread#2" [stack: 0x000000f2bcb00000,0x000000f2bcc00000] [id=4584]
  0x0000022c5ed98800 GCTaskThread "GC Thread#3" [stack: 0x000000f2bcc00000,0x000000f2bcd00000] [id=2576]
  0x0000022c5ed93000 GCTaskThread "GC Thread#4" [stack: 0x000000f2bcd00000,0x000000f2bce00000] [id=11304]
  0x0000022c5ed94800 GCTaskThread "GC Thread#5" [stack: 0x000000f2bce00000,0x000000f2bcf00000] [id=3724]
  0x0000022c39950800 ConcurrentGCThread "G1 Main Marker" [stack: 0x000000f2bb300000,0x000000f2bb400000] [id=6824]
  0x0000022c39953000 ConcurrentGCThread "G1 Conc#0" [stack: 0x000000f2bb400000,0x000000f2bb500000] [id=8852]
  0x0000022c5c726800 ConcurrentGCThread "G1 Refine#0" [stack: 0x000000f2bb500000,0x000000f2bb600000] [id=8264]
  0x0000022c5c728000 ConcurrentGCThread "G1 Young RemSet Sampling" [stack: 0x000000f2bb600000,0x000000f2bb700000] [id=15256]

Threads with active compile tasks:

VM state:not at safepoint (normal execution)

VM Mutex/Monitor currently owned by a thread: None

Heap address: 0x0000000703600000, size: 4042 MB, Compressed Oops mode: Zero based, Oop shift amount: 3
Narrow klass base: 0x0000000800000000, Narrow klass shift: 0
Compressed class space size: 1073741824 Address: 0x0000000800000000

Heap:
 garbage-first heap   total 260096K, used 26319K [0x0000000703600000, 0x0000000800000000)
  region size 1024K, 23 young (23552K), 3 survivors (3072K)
 Metaspace       used 20197K, capacity 20550K, committed 20864K, reserved 1069056K
  class space    used 1901K, capacity 2060K, committed 2176K, reserved 1048576K
Heap Regions: E=young(eden), S=young(survivor), O=old, HS=humongous(starts), HC=humongous(continues), CS=collection set, F=free, A=archive, TAMS=top-at-mark-start (previous, next)
|   0|0x0000000703600000, 0x0000000703600000, 0x0000000703700000|  0%| F|  |TAMS 0x0000000703600000, 0x0000000703600000| Untracked 
|   1|0x0000000703700000, 0x00000007037b3e00, 0x0000000703800000| 70%| O|  |TAMS 0x0000000703700000, 0x0000000703700000| Untracked 
|   2|0x0000000703800000, 0x0000000703900000, 0x0000000703900000|100%|HS|  |TAMS 0x0000000703800000, 0x0000000703800000| Complete 
|   3|0x0000000703900000, 0x0000000703a00000, 0x0000000703a00000|100%|HC|  |TAMS 0x0000000703900000, 0x0000000703900000| Complete 
|   4|0x0000000703a00000, 0x0000000703b00000, 0x0000000703b00000|100%|HC|  |TAMS 0x0000000703a00000, 0x0000000703a00000| Complete 
|   5|0x0000000703b00000, 0x0000000703b00000, 0x0000000703c00000|  0%| F|  |TAMS 0x0000000703b00000, 0x0000000703b00000| Untracked 
|   6|0x0000000703c00000, 0x0000000703c00000, 0x0000000703d00000|  0%| F|  |TAMS 0x0000000703c00000, 0x0000000703c00000| Untracked 
|   7|0x0000000703d00000, 0x0000000703d00000, 0x0000000703e00000|  0%| F|  |TAMS 0x0000000703d00000, 0x0000000703d00000| Untracked 
|   8|0x0000000703e00000, 0x0000000703e00000, 0x0000000703f00000|  0%| F|  |TAMS 0x0000000703e00000, 0x0000000703e00000| Untracked 
|   9|0x0000000703f00000, 0x0000000703f00000, 0x0000000704000000|  0%| F|  |TAMS 0x0000000703f00000, 0x0000000703f00000| Untracked 
|  10|0x0000000704000000, 0x0000000704000000, 0x0000000704100000|  0%| F|  |TAMS 0x0000000704000000, 0x0000000704000000| Untracked 
|  11|0x0000000704100000, 0x0000000704100000, 0x0000000704200000|  0%| F|  |TAMS 0x0000000704100000, 0x0000000704100000| Untracked 
|  12|0x0000000704200000, 0x0000000704200000, 0x0000000704300000|  0%| F|  |TAMS 0x0000000704200000, 0x0000000704200000| Untracked 
|  13|0x0000000704300000, 0x0000000704300000, 0x0000000704400000|  0%| F|  |TAMS 0x0000000704300000, 0x0000000704300000| Untracked 
|  14|0x0000000704400000, 0x0000000704400000, 0x0000000704500000|  0%| F|  |TAMS 0x0000000704400000, 0x0000000704400000| Untracked 
|  15|0x0000000704500000, 0x0000000704500000, 0x0000000704600000|  0%| F|  |TAMS 0x0000000704500000, 0x0000000704500000| Untracked 
|  16|0x0000000704600000, 0x0000000704600000, 0x0000000704700000|  0%| F|  |TAMS 0x0000000704600000, 0x0000000704600000| Untracked 
|  17|0x0000000704700000, 0x0000000704700000, 0x0000000704800000|  0%| F|  |TAMS 0x0000000704700000, 0x0000000704700000| Untracked 
|  18|0x0000000704800000, 0x0000000704800000, 0x0000000704900000|  0%| F|  |TAMS 0x0000000704800000, 0x0000000704800000| Untracked 
|  19|0x0000000704900000, 0x0000000704900000, 0x0000000704a00000|  0%| F|  |TAMS 0x0000000704900000, 0x0000000704900000| Untracked 
|  20|0x0000000704a00000, 0x0000000704a00000, 0x0000000704b00000|  0%| F|  |TAMS 0x0000000704a00000, 0x0000000704a00000| Untracked 
|  21|0x0000000704b00000, 0x0000000704b00000, 0x0000000704c00000|  0%| F|  |TAMS 0x0000000704b00000, 0x0000000704b00000| Untracked 
|  22|0x0000000704c00000, 0x0000000704c00000, 0x0000000704d00000|  0%| F|  |TAMS 0x0000000704c00000, 0x0000000704c00000| Untracked 
|  23|0x0000000704d00000, 0x0000000704d00000, 0x0000000704e00000|  0%| F|  |TAMS 0x0000000704d00000, 0x0000000704d00000| Untracked 
|  24|0x0000000704e00000, 0x0000000704e00000, 0x0000000704f00000|  0%| F|  |TAMS 0x0000000704e00000, 0x0000000704e00000| Untracked 
|  25|0x0000000704f00000, 0x0000000704f00000, 0x0000000705000000|  0%| F|  |TAMS 0x0000000704f00000, 0x0000000704f00000| Untracked 
|  26|0x0000000705000000, 0x0000000705000000, 0x0000000705100000|  0%| F|  |TAMS 0x0000000705000000, 0x0000000705000000| Untracked 
|  27|0x0000000705100000, 0x0000000705100000, 0x0000000705200000|  0%| F|  |TAMS 0x0000000705100000, 0x0000000705100000| Untracked 
|  28|0x0000000705200000, 0x0000000705200000, 0x0000000705300000|  0%| F|  |TAMS 0x0000000705200000, 0x0000000705200000| Untracked 
|  29|0x0000000705300000, 0x0000000705300000, 0x0000000705400000|  0%| F|  |TAMS 0x0000000705300000, 0x0000000705300000| Untracked 
|  30|0x0000000705400000, 0x0000000705400000, 0x0000000705500000|  0%| F|  |TAMS 0x0000000705400000, 0x0000000705400000| Untracked 
|  31|0x0000000705500000, 0x0000000705500000, 0x0000000705600000|  0%| F|  |TAMS 0x0000000705500000, 0x0000000705500000| Untracked 
|  32|0x0000000705600000, 0x0000000705600000, 0x0000000705700000|  0%| F|  |TAMS 0x0000000705600000, 0x0000000705600000| Untracked 
|  33|0x0000000705700000, 0x0000000705700000, 0x0000000705800000|  0%| F|  |TAMS 0x0000000705700000, 0x0000000705700000| Untracked 
|  34|0x0000000705800000, 0x0000000705800000, 0x0000000705900000|  0%| F|  |TAMS 0x0000000705800000, 0x0000000705800000| Untracked 
|  35|0x0000000705900000, 0x0000000705900000, 0x0000000705a00000|  0%| F|  |TAMS 0x0000000705900000, 0x0000000705900000| Untracked 
|  36|0x0000000705a00000, 0x0000000705a00000, 0x0000000705b00000|  0%| F|  |TAMS 0x0000000705a00000, 0x0000000705a00000| Untracked 
|  37|0x0000000705b00000, 0x0000000705b00000, 0x0000000705c00000|  0%| F|  |TAMS 0x0000000705b00000, 0x0000000705b00000| Untracked 
|  38|0x0000000705c00000, 0x0000000705c00000, 0x0000000705d00000|  0%| F|  |TAMS 0x0000000705c00000, 0x0000000705c00000| Untracked 
|  39|0x0000000705d00000, 0x0000000705d00000, 0x0000000705e00000|  0%| F|  |TAMS 0x0000000705d00000, 0x0000000705d00000| Untracked 
|  40|0x0000000705e00000, 0x0000000705e00000, 0x0000000705f00000|  0%| F|  |TAMS 0x0000000705e00000, 0x0000000705e00000| Untracked 
|  41|0x0000000705f00000, 0x0000000705f00000, 0x0000000706000000|  0%| F|  |TAMS 0x0000000705f00000, 0x0000000705f00000| Untracked 
|  42|0x0000000706000000, 0x0000000706000000, 0x0000000706100000|  0%| F|  |TAMS 0x0000000706000000, 0x0000000706000000| Untracked 
|  43|0x0000000706100000, 0x0000000706100000, 0x0000000706200000|  0%| F|  |TAMS 0x0000000706100000, 0x0000000706100000| Untracked 
|  44|0x0000000706200000, 0x0000000706200000, 0x0000000706300000|  0%| F|  |TAMS 0x0000000706200000, 0x0000000706200000| Untracked 
|  45|0x0000000706300000, 0x0000000706300000, 0x0000000706400000|  0%| F|  |TAMS 0x0000000706300000, 0x0000000706300000| Untracked 
|  46|0x0000000706400000, 0x0000000706400000, 0x0000000706500000|  0%| F|  |TAMS 0x0000000706400000, 0x0000000706400000| Untracked 
|  47|0x0000000706500000, 0x0000000706500000, 0x0000000706600000|  0%| F|  |TAMS 0x0000000706500000, 0x0000000706500000| Untracked 
|  48|0x0000000706600000, 0x0000000706600000, 0x0000000706700000|  0%| F|  |TAMS 0x0000000706600000, 0x0000000706600000| Untracked 
|  49|0x0000000706700000, 0x0000000706700000, 0x0000000706800000|  0%| F|  |TAMS 0x0000000706700000, 0x0000000706700000| Untracked 
|  50|0x0000000706800000, 0x0000000706800000, 0x0000000706900000|  0%| F|  |TAMS 0x0000000706800000, 0x0000000706800000| Untracked 
|  51|0x0000000706900000, 0x0000000706900000, 0x0000000706a00000|  0%| F|  |TAMS 0x0000000706900000, 0x0000000706900000| Untracked 
|  52|0x0000000706a00000, 0x0000000706a00000, 0x0000000706b00000|  0%| F|  |TAMS 0x0000000706a00000, 0x0000000706a00000| Untracked 
|  53|0x0000000706b00000, 0x0000000706b00000, 0x0000000706c00000|  0%| F|  |TAMS 0x0000000706b00000, 0x0000000706b00000| Untracked 
|  54|0x0000000706c00000, 0x0000000706c00000, 0x0000000706d00000|  0%| F|  |TAMS 0x0000000706c00000, 0x0000000706c00000| Untracked 
|  55|0x0000000706d00000, 0x0000000706d00000, 0x0000000706e00000|  0%| F|  |TAMS 0x0000000706d00000, 0x0000000706d00000| Untracked 
|  56|0x0000000706e00000, 0x0000000706e00000, 0x0000000706f00000|  0%| F|  |TAMS 0x0000000706e00000, 0x0000000706e00000| Untracked 
|  57|0x0000000706f00000, 0x0000000706f00000, 0x0000000707000000|  0%| F|  |TAMS 0x0000000706f00000, 0x0000000706f00000| Untracked 
|  58|0x0000000707000000, 0x0000000707000000, 0x0000000707100000|  0%| F|  |TAMS 0x0000000707000000, 0x0000000707000000| Untracked 
|  59|0x0000000707100000, 0x0000000707100000, 0x0000000707200000|  0%| F|  |TAMS 0x0000000707100000, 0x0000000707100000| Untracked 
|  60|0x0000000707200000, 0x0000000707200000, 0x0000000707300000|  0%| F|  |TAMS 0x0000000707200000, 0x0000000707200000| Untracked 
|  61|0x0000000707300000, 0x0000000707300000, 0x0000000707400000|  0%| F|  |TAMS 0x0000000707300000, 0x0000000707300000| Untracked 
|  62|0x0000000707400000, 0x0000000707400000, 0x0000000707500000|  0%| F|  |TAMS 0x0000000707400000, 0x0000000707400000| Untracked 
|  63|0x0000000707500000, 0x0000000707500000, 0x0000000707600000|  0%| F|  |TAMS 0x0000000707500000, 0x0000000707500000| Untracked 
|  64|0x0000000707600000, 0x0000000707600000, 0x0000000707700000|  0%| F|  |TAMS 0x0000000707600000, 0x0000000707600000| Untracked 
|  65|0x0000000707700000, 0x0000000707700000, 0x0000000707800000|  0%| F|  |TAMS 0x0000000707700000, 0x0000000707700000| Untracked 
|  66|0x0000000707800000, 0x0000000707800000, 0x0000000707900000|  0%| F|  |TAMS 0x0000000707800000, 0x0000000707800000| Untracked 
|  67|0x0000000707900000, 0x0000000707900000, 0x0000000707a00000|  0%| F|  |TAMS 0x0000000707900000, 0x0000000707900000| Untracked 
|  68|0x0000000707a00000, 0x0000000707a00000, 0x0000000707b00000|  0%| F|  |TAMS 0x0000000707a00000, 0x0000000707a00000| Untracked 
|  69|0x0000000707b00000, 0x0000000707b00000, 0x0000000707c00000|  0%| F|  |TAMS 0x0000000707b00000, 0x0000000707b00000| Untracked 
|  70|0x0000000707c00000, 0x0000000707c00000, 0x0000000707d00000|  0%| F|  |TAMS 0x0000000707c00000, 0x0000000707c00000| Untracked 
|  71|0x0000000707d00000, 0x0000000707d00000, 0x0000000707e00000|  0%| F|  |TAMS 0x0000000707d00000, 0x0000000707d00000| Untracked 
|  72|0x0000000707e00000, 0x0000000707e00000, 0x0000000707f00000|  0%| F|  |TAMS 0x0000000707e00000, 0x0000000707e00000| Untracked 
|  73|0x0000000707f00000, 0x0000000707f00000, 0x0000000708000000|  0%| F|  |TAMS 0x0000000707f00000, 0x0000000707f00000| Untracked 
|  74|0x0000000708000000, 0x0000000708000000, 0x0000000708100000|  0%| F|  |TAMS 0x0000000708000000, 0x0000000708000000| Untracked 
|  75|0x0000000708100000, 0x0000000708100000, 0x0000000708200000|  0%| F|  |TAMS 0x0000000708100000, 0x0000000708100000| Untracked 
|  76|0x0000000708200000, 0x0000000708200000, 0x0000000708300000|  0%| F|  |TAMS 0x0000000708200000, 0x0000000708200000| Untracked 
|  77|0x0000000708300000, 0x0000000708300000, 0x0000000708400000|  0%| F|  |TAMS 0x0000000708300000, 0x0000000708300000| Untracked 
|  78|0x0000000708400000, 0x0000000708400000, 0x0000000708500000|  0%| F|  |TAMS 0x0000000708400000, 0x0000000708400000| Untracked 
|  79|0x0000000708500000, 0x0000000708500000, 0x0000000708600000|  0%| F|  |TAMS 0x0000000708500000, 0x0000000708500000| Untracked 
|  80|0x0000000708600000, 0x0000000708600000, 0x0000000708700000|  0%| F|  |TAMS 0x0000000708600000, 0x0000000708600000| Untracked 
|  81|0x0000000708700000, 0x0000000708700000, 0x0000000708800000|  0%| F|  |TAMS 0x0000000708700000, 0x0000000708700000| Untracked 
|  82|0x0000000708800000, 0x0000000708800000, 0x0000000708900000|  0%| F|  |TAMS 0x0000000708800000, 0x0000000708800000| Untracked 
|  83|0x0000000708900000, 0x0000000708900000, 0x0000000708a00000|  0%| F|  |TAMS 0x0000000708900000, 0x0000000708900000| Untracked 
|  84|0x0000000708a00000, 0x0000000708a00000, 0x0000000708b00000|  0%| F|  |TAMS 0x0000000708a00000, 0x0000000708a00000| Untracked 
|  85|0x0000000708b00000, 0x0000000708b00000, 0x0000000708c00000|  0%| F|  |TAMS 0x0000000708b00000, 0x0000000708b00000| Untracked 
|  86|0x0000000708c00000, 0x0000000708c00000, 0x0000000708d00000|  0%| F|  |TAMS 0x0000000708c00000, 0x0000000708c00000| Untracked 
|  87|0x0000000708d00000, 0x0000000708d00000, 0x0000000708e00000|  0%| F|  |TAMS 0x0000000708d00000, 0x0000000708d00000| Untracked 
|  88|0x0000000708e00000, 0x0000000708e00000, 0x0000000708f00000|  0%| F|  |TAMS 0x0000000708e00000, 0x0000000708e00000| Untracked 
|  89|0x0000000708f00000, 0x0000000708f00000, 0x0000000709000000|  0%| F|  |TAMS 0x0000000708f00000, 0x0000000708f00000| Untracked 
|  90|0x0000000709000000, 0x0000000709000000, 0x0000000709100000|  0%| F|  |TAMS 0x0000000709000000, 0x0000000709000000| Untracked 
|  91|0x0000000709100000, 0x0000000709100000, 0x0000000709200000|  0%| F|  |TAMS 0x0000000709100000, 0x0000000709100000| Untracked 
|  92|0x0000000709200000, 0x0000000709200000, 0x0000000709300000|  0%| F|  |TAMS 0x0000000709200000, 0x0000000709200000| Untracked 
|  93|0x0000000709300000, 0x0000000709300000, 0x0000000709400000|  0%| F|  |TAMS 0x0000000709300000, 0x0000000709300000| Untracked 
|  94|0x0000000709400000, 0x0000000709400000, 0x0000000709500000|  0%| F|  |TAMS 0x0000000709400000, 0x0000000709400000| Untracked 
|  95|0x0000000709500000, 0x0000000709500000, 0x0000000709600000|  0%| F|  |TAMS 0x0000000709500000, 0x0000000709500000| Untracked 
|  96|0x0000000709600000, 0x0000000709600000, 0x0000000709700000|  0%| F|  |TAMS 0x0000000709600000, 0x0000000709600000| Untracked 
|  97|0x0000000709700000, 0x0000000709700000, 0x0000000709800000|  0%| F|  |TAMS 0x0000000709700000, 0x0000000709700000| Untracked 
|  98|0x0000000709800000, 0x0000000709800000, 0x0000000709900000|  0%| F|  |TAMS 0x0000000709800000, 0x0000000709800000| Untracked 
|  99|0x0000000709900000, 0x0000000709900000, 0x0000000709a00000|  0%| F|  |TAMS 0x0000000709900000, 0x0000000709900000| Untracked 
| 100|0x0000000709a00000, 0x0000000709a00000, 0x0000000709b00000|  0%| F|  |TAMS 0x0000000709a00000, 0x0000000709a00000| Untracked 
| 101|0x0000000709b00000, 0x0000000709b00000, 0x0000000709c00000|  0%| F|  |TAMS 0x0000000709b00000, 0x0000000709b00000| Untracked 
| 102|0x0000000709c00000, 0x0000000709c00000, 0x0000000709d00000|  0%| F|  |TAMS 0x0000000709c00000, 0x0000000709c00000| Untracked 
| 103|0x0000000709d00000, 0x0000000709d00000, 0x0000000709e00000|  0%| F|  |TAMS 0x0000000709d00000, 0x0000000709d00000| Untracked 
| 104|0x0000000709e00000, 0x0000000709e00000, 0x0000000709f00000|  0%| F|  |TAMS 0x0000000709e00000, 0x0000000709e00000| Untracked 
| 105|0x0000000709f00000, 0x0000000709f00000, 0x000000070a000000|  0%| F|  |TAMS 0x0000000709f00000, 0x0000000709f00000| Untracked 
| 106|0x000000070a000000, 0x000000070a000000, 0x000000070a100000|  0%| F|  |TAMS 0x000000070a000000, 0x000000070a000000| Untracked 
| 107|0x000000070a100000, 0x000000070a100000, 0x000000070a200000|  0%| F|  |TAMS 0x000000070a100000, 0x000000070a100000| Untracked 
| 108|0x000000070a200000, 0x000000070a200000, 0x000000070a300000|  0%| F|  |TAMS 0x000000070a200000, 0x000000070a200000| Untracked 
| 109|0x000000070a300000, 0x000000070a300000, 0x000000070a400000|  0%| F|  |TAMS 0x000000070a300000, 0x000000070a300000| Untracked 
| 110|0x000000070a400000, 0x000000070a400000, 0x000000070a500000|  0%| F|  |TAMS 0x000000070a400000, 0x000000070a400000| Untracked 
| 111|0x000000070a500000, 0x000000070a500000, 0x000000070a600000|  0%| F|  |TAMS 0x000000070a500000, 0x000000070a500000| Untracked 
| 112|0x000000070a600000, 0x000000070a600000, 0x000000070a700000|  0%| F|  |TAMS 0x000000070a600000, 0x000000070a600000| Untracked 
| 113|0x000000070a700000, 0x000000070a700000, 0x000000070a800000|  0%| F|  |TAMS 0x000000070a700000, 0x000000070a700000| Untracked 
| 114|0x000000070a800000, 0x000000070a800000, 0x000000070a900000|  0%| F|  |TAMS 0x000000070a800000, 0x000000070a800000| Untracked 
| 115|0x000000070a900000, 0x000000070a900000, 0x000000070aa00000|  0%| F|  |TAMS 0x000000070a900000, 0x000000070a900000| Untracked 
| 116|0x000000070aa00000, 0x000000070aa00000, 0x000000070ab00000|  0%| F|  |TAMS 0x000000070aa00000, 0x000000070aa00000| Untracked 
| 117|0x000000070ab00000, 0x000000070ab00000, 0x000000070ac00000|  0%| F|  |TAMS 0x000000070ab00000, 0x000000070ab00000| Untracked 
| 118|0x000000070ac00000, 0x000000070ac00000, 0x000000070ad00000|  0%| F|  |TAMS 0x000000070ac00000, 0x000000070ac00000| Untracked 
| 119|0x000000070ad00000, 0x000000070ad00000, 0x000000070ae00000|  0%| F|  |TAMS 0x000000070ad00000, 0x000000070ad00000| Untracked 
| 120|0x000000070ae00000, 0x000000070ae00000, 0x000000070af00000|  0%| F|  |TAMS 0x000000070ae00000, 0x000000070ae00000| Untracked 
| 121|0x000000070af00000, 0x000000070af00000, 0x000000070b000000|  0%| F|  |TAMS 0x000000070af00000, 0x000000070af00000| Untracked 
| 122|0x000000070b000000, 0x000000070b000000, 0x000000070b100000|  0%| F|  |TAMS 0x000000070b000000, 0x000000070b000000| Untracked 
| 123|0x000000070b100000, 0x000000070b100000, 0x000000070b200000|  0%| F|  |TAMS 0x000000070b100000, 0x000000070b100000| Untracked 
| 124|0x000000070b200000, 0x000000070b200000, 0x000000070b300000|  0%| F|  |TAMS 0x000000070b200000, 0x000000070b200000| Untracked 
| 125|0x000000070b300000, 0x000000070b300000, 0x000000070b400000|  0%| F|  |TAMS 0x000000070b300000, 0x000000070b300000| Untracked 
| 126|0x000000070b400000, 0x000000070b400000, 0x000000070b500000|  0%| F|  |TAMS 0x000000070b400000, 0x000000070b400000| Untracked 
| 127|0x000000070b500000, 0x000000070b500000, 0x000000070b600000|  0%| F|  |TAMS 0x000000070b500000, 0x000000070b500000| Untracked 
| 128|0x000000070b600000, 0x000000070b600000, 0x000000070b700000|  0%| F|  |TAMS 0x000000070b600000, 0x000000070b600000| Untracked 
| 129|0x000000070b700000, 0x000000070b700000, 0x000000070b800000|  0%| F|  |TAMS 0x000000070b700000, 0x000000070b700000| Untracked 
| 130|0x000000070b800000, 0x000000070b800000, 0x000000070b900000|  0%| F|  |TAMS 0x000000070b800000, 0x000000070b800000| Untracked 
| 131|0x000000070b900000, 0x000000070b900000, 0x000000070ba00000|  0%| F|  |TAMS 0x000000070b900000, 0x000000070b900000| Untracked 
| 132|0x000000070ba00000, 0x000000070ba00000, 0x000000070bb00000|  0%| F|  |TAMS 0x000000070ba00000, 0x000000070ba00000| Untracked 
| 133|0x000000070bb00000, 0x000000070bb00000, 0x000000070bc00000|  0%| F|  |TAMS 0x000000070bb00000, 0x000000070bb00000| Untracked 
| 134|0x000000070bc00000, 0x000000070bc00000, 0x000000070bd00000|  0%| F|  |TAMS 0x000000070bc00000, 0x000000070bc00000| Untracked 
| 135|0x000000070bd00000, 0x000000070bd00000, 0x000000070be00000|  0%| F|  |TAMS 0x000000070bd00000, 0x000000070bd00000| Untracked 
| 136|0x000000070be00000, 0x000000070be00000, 0x000000070bf00000|  0%| F|  |TAMS 0x000000070be00000, 0x000000070be00000| Untracked 
| 137|0x000000070bf00000, 0x000000070bf00000, 0x000000070c000000|  0%| F|  |TAMS 0x000000070bf00000, 0x000000070bf00000| Untracked 
| 138|0x000000070c000000, 0x000000070c000000, 0x000000070c100000|  0%| F|  |TAMS 0x000000070c000000, 0x000000070c000000| Untracked 
| 139|0x000000070c100000, 0x000000070c100000, 0x000000070c200000|  0%| F|  |TAMS 0x000000070c100000, 0x000000070c100000| Untracked 
| 140|0x000000070c200000, 0x000000070c200000, 0x000000070c300000|  0%| F|  |TAMS 0x000000070c200000, 0x000000070c200000| Untracked 
| 141|0x000000070c300000, 0x000000070c300000, 0x000000070c400000|  0%| F|  |TAMS 0x000000070c300000, 0x000000070c300000| Untracked 
| 142|0x000000070c400000, 0x000000070c400000, 0x000000070c500000|  0%| F|  |TAMS 0x000000070c400000, 0x000000070c400000| Untracked 
| 143|0x000000070c500000, 0x000000070c500000, 0x000000070c600000|  0%| F|  |TAMS 0x000000070c500000, 0x000000070c500000| Untracked 
| 144|0x000000070c600000, 0x000000070c600000, 0x000000070c700000|  0%| F|  |TAMS 0x000000070c600000, 0x000000070c600000| Untracked 
| 145|0x000000070c700000, 0x000000070c700000, 0x000000070c800000|  0%| F|  |TAMS 0x000000070c700000, 0x000000070c700000| Untracked 
| 146|0x000000070c800000, 0x000000070c800000, 0x000000070c900000|  0%| F|  |TAMS 0x000000070c800000, 0x000000070c800000| Untracked 
| 147|0x000000070c900000, 0x000000070c900000, 0x000000070ca00000|  0%| F|  |TAMS 0x000000070c900000, 0x000000070c900000| Untracked 
| 148|0x000000070ca00000, 0x000000070ca00000, 0x000000070cb00000|  0%| F|  |TAMS 0x000000070ca00000, 0x000000070ca00000| Untracked 
| 149|0x000000070cb00000, 0x000000070cb00000, 0x000000070cc00000|  0%| F|  |TAMS 0x000000070cb00000, 0x000000070cb00000| Untracked 
| 150|0x000000070cc00000, 0x000000070cc00000, 0x000000070cd00000|  0%| F|  |TAMS 0x000000070cc00000, 0x000000070cc00000| Untracked 
| 151|0x000000070cd00000, 0x000000070cd00000, 0x000000070ce00000|  0%| F|  |TAMS 0x000000070cd00000, 0x000000070cd00000| Untracked 
| 152|0x000000070ce00000, 0x000000070ce00000, 0x000000070cf00000|  0%| F|  |TAMS 0x000000070ce00000, 0x000000070ce00000| Untracked 
| 153|0x000000070cf00000, 0x000000070cf00000, 0x000000070d000000|  0%| F|  |TAMS 0x000000070cf00000, 0x000000070cf00000| Untracked 
| 154|0x000000070d000000, 0x000000070d000000, 0x000000070d100000|  0%| F|  |TAMS 0x000000070d000000, 0x000000070d000000| Untracked 
| 155|0x000000070d100000, 0x000000070d100000, 0x000000070d200000|  0%| F|  |TAMS 0x000000070d100000, 0x000000070d100000| Untracked 
| 156|0x000000070d200000, 0x000000070d200000, 0x000000070d300000|  0%| F|  |TAMS 0x000000070d200000, 0x000000070d200000| Untracked 
| 157|0x000000070d300000, 0x000000070d300000, 0x000000070d400000|  0%| F|  |TAMS 0x000000070d300000, 0x000000070d300000| Untracked 
| 158|0x000000070d400000, 0x000000070d400000, 0x000000070d500000|  0%| F|  |TAMS 0x000000070d400000, 0x000000070d400000| Untracked 
| 159|0x000000070d500000, 0x000000070d500000, 0x000000070d600000|  0%| F|  |TAMS 0x000000070d500000, 0x000000070d500000| Untracked 
| 160|0x000000070d600000, 0x000000070d600000, 0x000000070d700000|  0%| F|  |TAMS 0x000000070d600000, 0x000000070d600000| Untracked 
| 161|0x000000070d700000, 0x000000070d700000, 0x000000070d800000|  0%| F|  |TAMS 0x000000070d700000, 0x000000070d700000| Untracked 
| 162|0x000000070d800000, 0x000000070d800000, 0x000000070d900000|  0%| F|  |TAMS 0x000000070d800000, 0x000000070d800000| Untracked 
| 163|0x000000070d900000, 0x000000070d900000, 0x000000070da00000|  0%| F|  |TAMS 0x000000070d900000, 0x000000070d900000| Untracked 
| 164|0x000000070da00000, 0x000000070da00000, 0x000000070db00000|  0%| F|  |TAMS 0x000000070da00000, 0x000000070da00000| Untracked 
| 165|0x000000070db00000, 0x000000070db00000, 0x000000070dc00000|  0%| F|  |TAMS 0x000000070db00000, 0x000000070db00000| Untracked 
| 166|0x000000070dc00000, 0x000000070dc00000, 0x000000070dd00000|  0%| F|  |TAMS 0x000000070dc00000, 0x000000070dc00000| Untracked 
| 167|0x000000070dd00000, 0x000000070dd00000, 0x000000070de00000|  0%| F|  |TAMS 0x000000070dd00000, 0x000000070dd00000| Untracked 
| 168|0x000000070de00000, 0x000000070de00000, 0x000000070df00000|  0%| F|  |TAMS 0x000000070de00000, 0x000000070de00000| Untracked 
| 169|0x000000070df00000, 0x000000070df00000, 0x000000070e000000|  0%| F|  |TAMS 0x000000070df00000, 0x000000070df00000| Untracked 
| 170|0x000000070e000000, 0x000000070e000000, 0x000000070e100000|  0%| F|  |TAMS 0x000000070e000000, 0x000000070e000000| Untracked 
| 171|0x000000070e100000, 0x000000070e100000, 0x000000070e200000|  0%| F|  |TAMS 0x000000070e100000, 0x000000070e100000| Untracked 
| 172|0x000000070e200000, 0x000000070e200000, 0x000000070e300000|  0%| F|  |TAMS 0x000000070e200000, 0x000000070e200000| Untracked 
| 173|0x000000070e300000, 0x000000070e300000, 0x000000070e400000|  0%| F|  |TAMS 0x000000070e300000, 0x000000070e300000| Untracked 
| 174|0x000000070e400000, 0x000000070e400000, 0x000000070e500000|  0%| F|  |TAMS 0x000000070e400000, 0x000000070e400000| Untracked 
| 175|0x000000070e500000, 0x000000070e500000, 0x000000070e600000|  0%| F|  |TAMS 0x000000070e500000, 0x000000070e500000| Untracked 
| 176|0x000000070e600000, 0x000000070e600000, 0x000000070e700000|  0%| F|  |TAMS 0x000000070e600000, 0x000000070e600000| Untracked 
| 177|0x000000070e700000, 0x000000070e700000, 0x000000070e800000|  0%| F|  |TAMS 0x000000070e700000, 0x000000070e700000| Untracked 
| 178|0x000000070e800000, 0x000000070e800000, 0x000000070e900000|  0%| F|  |TAMS 0x000000070e800000, 0x000000070e800000| Untracked 
| 179|0x000000070e900000, 0x000000070e900000, 0x000000070ea00000|  0%| F|  |TAMS 0x000000070e900000, 0x000000070e900000| Untracked 
| 180|0x000000070ea00000, 0x000000070ea00000, 0x000000070eb00000|  0%| F|  |TAMS 0x000000070ea00000, 0x000000070ea00000| Untracked 
| 181|0x000000070eb00000, 0x000000070eb00000, 0x000000070ec00000|  0%| F|  |TAMS 0x000000070eb00000, 0x000000070eb00000| Untracked 
| 182|0x000000070ec00000, 0x000000070ec00000, 0x000000070ed00000|  0%| F|  |TAMS 0x000000070ec00000, 0x000000070ec00000| Untracked 
| 183|0x000000070ed00000, 0x000000070ed00000, 0x000000070ee00000|  0%| F|  |TAMS 0x000000070ed00000, 0x000000070ed00000| Untracked 
| 184|0x000000070ee00000, 0x000000070ee00000, 0x000000070ef00000|  0%| F|  |TAMS 0x000000070ee00000, 0x000000070ee00000| Untracked 
| 185|0x000000070ef00000, 0x000000070ef00000, 0x000000070f000000|  0%| F|  |TAMS 0x000000070ef00000, 0x000000070ef00000| Untracked 
| 186|0x000000070f000000, 0x000000070f000000, 0x000000070f100000|  0%| F|  |TAMS 0x000000070f000000, 0x000000070f000000| Untracked 
| 187|0x000000070f100000, 0x000000070f100000, 0x000000070f200000|  0%| F|  |TAMS 0x000000070f100000, 0x000000070f100000| Untracked 
| 188|0x000000070f200000, 0x000000070f200000, 0x000000070f300000|  0%| F|  |TAMS 0x000000070f200000, 0x000000070f200000| Untracked 
| 189|0x000000070f300000, 0x000000070f300000, 0x000000070f400000|  0%| F|  |TAMS 0x000000070f300000, 0x000000070f300000| Untracked 
| 190|0x000000070f400000, 0x000000070f400000, 0x000000070f500000|  0%| F|  |TAMS 0x000000070f400000, 0x000000070f400000| Untracked 
| 191|0x000000070f500000, 0x000000070f500000, 0x000000070f600000|  0%| F|  |TAMS 0x000000070f500000, 0x000000070f500000| Untracked 
| 192|0x000000070f600000, 0x000000070f600000, 0x000000070f700000|  0%| F|  |TAMS 0x000000070f600000, 0x000000070f600000| Untracked 
| 193|0x000000070f700000, 0x000000070f700000, 0x000000070f800000|  0%| F|  |TAMS 0x000000070f700000, 0x000000070f700000| Untracked 
| 194|0x000000070f800000, 0x000000070f800000, 0x000000070f900000|  0%| F|  |TAMS 0x000000070f800000, 0x000000070f800000| Untracked 
| 195|0x000000070f900000, 0x000000070f900000, 0x000000070fa00000|  0%| F|  |TAMS 0x000000070f900000, 0x000000070f900000| Untracked 
| 196|0x000000070fa00000, 0x000000070fa00000, 0x000000070fb00000|  0%| F|  |TAMS 0x000000070fa00000, 0x000000070fa00000| Untracked 
| 197|0x000000070fb00000, 0x000000070fb00000, 0x000000070fc00000|  0%| F|  |TAMS 0x000000070fb00000, 0x000000070fb00000| Untracked 
| 198|0x000000070fc00000, 0x000000070fc00000, 0x000000070fd00000|  0%| F|  |TAMS 0x000000070fc00000, 0x000000070fc00000| Untracked 
| 199|0x000000070fd00000, 0x000000070fd00000, 0x000000070fe00000|  0%| F|  |TAMS 0x000000070fd00000, 0x000000070fd00000| Untracked 
| 200|0x000000070fe00000, 0x000000070fe00000, 0x000000070ff00000|  0%| F|  |TAMS 0x000000070fe00000, 0x000000070fe00000| Untracked 
| 201|0x000000070ff00000, 0x000000070ff00000, 0x0000000710000000|  0%| F|  |TAMS 0x000000070ff00000, 0x000000070ff00000| Untracked 
| 202|0x0000000710000000, 0x0000000710000000, 0x0000000710100000|  0%| F|  |TAMS 0x0000000710000000, 0x0000000710000000| Untracked 
| 203|0x0000000710100000, 0x0000000710100000, 0x0000000710200000|  0%| F|  |TAMS 0x0000000710100000, 0x0000000710100000| Untracked 
| 204|0x0000000710200000, 0x0000000710200000, 0x0000000710300000|  0%| F|  |TAMS 0x0000000710200000, 0x0000000710200000| Untracked 
| 205|0x0000000710300000, 0x0000000710300000, 0x0000000710400000|  0%| F|  |TAMS 0x0000000710300000, 0x0000000710300000| Untracked 
| 206|0x0000000710400000, 0x0000000710400000, 0x0000000710500000|  0%| F|  |TAMS 0x0000000710400000, 0x0000000710400000| Untracked 
| 207|0x0000000710500000, 0x0000000710500000, 0x0000000710600000|  0%| F|  |TAMS 0x0000000710500000, 0x0000000710500000| Untracked 
| 208|0x0000000710600000, 0x0000000710600000, 0x0000000710700000|  0%| F|  |TAMS 0x0000000710600000, 0x0000000710600000| Untracked 
| 209|0x0000000710700000, 0x0000000710700000, 0x0000000710800000|  0%| F|  |TAMS 0x0000000710700000, 0x0000000710700000| Untracked 
| 210|0x0000000710800000, 0x0000000710800000, 0x0000000710900000|  0%| F|  |TAMS 0x0000000710800000, 0x0000000710800000| Untracked 
| 211|0x0000000710900000, 0x0000000710900000, 0x0000000710a00000|  0%| F|  |TAMS 0x0000000710900000, 0x0000000710900000| Untracked 
| 212|0x0000000710a00000, 0x0000000710a00000, 0x0000000710b00000|  0%| F|  |TAMS 0x0000000710a00000, 0x0000000710a00000| Untracked 
| 213|0x0000000710b00000, 0x0000000710b00000, 0x0000000710c00000|  0%| F|  |TAMS 0x0000000710b00000, 0x0000000710b00000| Untracked 
| 214|0x0000000710c00000, 0x0000000710c00000, 0x0000000710d00000|  0%| F|  |TAMS 0x0000000710c00000, 0x0000000710c00000| Untracked 
| 215|0x0000000710d00000, 0x0000000710d00000, 0x0000000710e00000|  0%| F|  |TAMS 0x0000000710d00000, 0x0000000710d00000| Untracked 
| 216|0x0000000710e00000, 0x0000000710e00000, 0x0000000710f00000|  0%| F|  |TAMS 0x0000000710e00000, 0x0000000710e00000| Untracked 
| 217|0x0000000710f00000, 0x0000000710f00000, 0x0000000711000000|  0%| F|  |TAMS 0x0000000710f00000, 0x0000000710f00000| Untracked 
| 218|0x0000000711000000, 0x0000000711000000, 0x0000000711100000|  0%| F|  |TAMS 0x0000000711000000, 0x0000000711000000| Untracked 
| 219|0x0000000711100000, 0x0000000711100000, 0x0000000711200000|  0%| F|  |TAMS 0x0000000711100000, 0x0000000711100000| Untracked 
| 220|0x0000000711200000, 0x0000000711200000, 0x0000000711300000|  0%| F|  |TAMS 0x0000000711200000, 0x0000000711200000| Untracked 
| 221|0x0000000711300000, 0x0000000711300000, 0x0000000711400000|  0%| F|  |TAMS 0x0000000711300000, 0x0000000711300000| Untracked 
| 222|0x0000000711400000, 0x0000000711400000, 0x0000000711500000|  0%| F|  |TAMS 0x0000000711400000, 0x0000000711400000| Untracked 
| 223|0x0000000711500000, 0x0000000711500000, 0x0000000711600000|  0%| F|  |TAMS 0x0000000711500000, 0x0000000711500000| Untracked 
| 224|0x0000000711600000, 0x0000000711600000, 0x0000000711700000|  0%| F|  |TAMS 0x0000000711600000, 0x0000000711600000| Untracked 
| 225|0x0000000711700000, 0x0000000711700000, 0x0000000711800000|  0%| F|  |TAMS 0x0000000711700000, 0x0000000711700000| Untracked 
| 226|0x0000000711800000, 0x0000000711800000, 0x0000000711900000|  0%| F|  |TAMS 0x0000000711800000, 0x0000000711800000| Untracked 
| 227|0x0000000711900000, 0x0000000711900000, 0x0000000711a00000|  0%| F|  |TAMS 0x0000000711900000, 0x0000000711900000| Untracked 
| 228|0x0000000711a00000, 0x0000000711a00000, 0x0000000711b00000|  0%| F|  |TAMS 0x0000000711a00000, 0x0000000711a00000| Untracked 
| 229|0x0000000711b00000, 0x0000000711c00000, 0x0000000711c00000|100%| S|CS|TAMS 0x0000000711b00000, 0x0000000711b00000| Complete 
| 230|0x0000000711c00000, 0x0000000711d00000, 0x0000000711d00000|100%| S|CS|TAMS 0x0000000711c00000, 0x0000000711c00000| Complete 
| 231|0x0000000711d00000, 0x0000000711e00000, 0x0000000711e00000|100%| S|CS|TAMS 0x0000000711d00000, 0x0000000711d00000| Complete 
| 232|0x0000000711e00000, 0x0000000711e00000, 0x0000000711f00000|  0%| F|  |TAMS 0x0000000711e00000, 0x0000000711e00000| Untracked 
| 233|0x0000000711f00000, 0x0000000711f00000, 0x0000000712000000|  0%| F|  |TAMS 0x0000000711f00000, 0x0000000711f00000| Untracked 
| 234|0x0000000712000000, 0x0000000712100000, 0x0000000712100000|100%| E|  |TAMS 0x0000000712000000, 0x0000000712000000| Complete 
| 235|0x0000000712100000, 0x0000000712200000, 0x0000000712200000|100%| E|CS|TAMS 0x0000000712100000, 0x0000000712100000| Complete 
| 236|0x0000000712200000, 0x0000000712300000, 0x0000000712300000|100%| E|CS|TAMS 0x0000000712200000, 0x0000000712200000| Complete 
| 237|0x0000000712300000, 0x0000000712400000, 0x0000000712400000|100%| E|CS|TAMS 0x0000000712300000, 0x0000000712300000| Complete 
| 238|0x0000000712400000, 0x0000000712500000, 0x0000000712500000|100%| E|CS|TAMS 0x0000000712400000, 0x0000000712400000| Complete 
| 239|0x0000000712500000, 0x0000000712600000, 0x0000000712600000|100%| E|CS|TAMS 0x0000000712500000, 0x0000000712500000| Complete 
| 240|0x0000000712600000, 0x0000000712700000, 0x0000000712700000|100%| E|CS|TAMS 0x0000000712600000, 0x0000000712600000| Complete 
| 241|0x0000000712700000, 0x0000000712800000, 0x0000000712800000|100%| E|CS|TAMS 0x0000000712700000, 0x0000000712700000| Complete 
| 242|0x0000000712800000, 0x0000000712900000, 0x0000000712900000|100%| E|CS|TAMS 0x0000000712800000, 0x0000000712800000| Complete 
| 243|0x0000000712900000, 0x0000000712a00000, 0x0000000712a00000|100%| E|CS|TAMS 0x0000000712900000, 0x0000000712900000| Complete 
| 244|0x0000000712a00000, 0x0000000712b00000, 0x0000000712b00000|100%| E|CS|TAMS 0x0000000712a00000, 0x0000000712a00000| Complete 
| 245|0x0000000712b00000, 0x0000000712c00000, 0x0000000712c00000|100%| E|CS|TAMS 0x0000000712b00000, 0x0000000712b00000| Complete 
| 246|0x0000000712c00000, 0x0000000712d00000, 0x0000000712d00000|100%| E|CS|TAMS 0x0000000712c00000, 0x0000000712c00000| Complete 
| 247|0x0000000712d00000, 0x0000000712e00000, 0x0000000712e00000|100%| E|CS|TAMS 0x0000000712d00000, 0x0000000712d00000| Complete 
| 248|0x0000000712e00000, 0x0000000712f00000, 0x0000000712f00000|100%| E|CS|TAMS 0x0000000712e00000, 0x0000000712e00000| Complete 
| 249|0x0000000712f00000, 0x0000000713000000, 0x0000000713000000|100%| E|CS|TAMS 0x0000000712f00000, 0x0000000712f00000| Complete 
| 250|0x0000000713000000, 0x0000000713100000, 0x0000000713100000|100%| E|CS|TAMS 0x0000000713000000, 0x0000000713000000| Complete 
| 251|0x0000000713100000, 0x0000000713200000, 0x0000000713200000|100%| E|CS|TAMS 0x0000000713100000, 0x0000000713100000| Complete 
| 252|0x0000000713200000, 0x0000000713300000, 0x0000000713300000|100%| E|CS|TAMS 0x0000000713200000, 0x0000000713200000| Complete 
| 253|0x0000000713300000, 0x0000000713400000, 0x0000000713400000|100%| E|CS|TAMS 0x0000000713300000, 0x0000000713300000| Complete 

Card table byte_map: [0x0000022c514b0000,0x0000022c51ca0000] _byte_map_base: 0x0000022c4dc95000

Marking Bits (Prev, Next): (CMBitMap*) 0x0000022c399400a8, (CMBitMap*) 0x0000022c399400e0
 Prev Bits: [0x0000022c52490000, 0x0000022c563b8000)
 Next Bits: [0x0000022c563c0000, 0x0000022c5a2e8000)

Polling page: 0x0000022c377c0000

Metaspace:

Usage:
  Non-class:     18.06 MB capacity,    17.87 MB ( 99%) used,   151.38 KB ( <1%) free+waste,    42.94 KB ( <1%) overhead. 
      Class:      2.01 MB capacity,     1.86 MB ( 92%) used,   139.41 KB (  7%) free+waste,    19.25 KB ( <1%) overhead. 
       Both:     20.07 MB capacity,    19.72 MB ( 98%) used,   290.79 KB (  1%) free+waste,    62.19 KB ( <1%) overhead. 

Virtual space:
  Non-class space:       20.00 MB reserved,      18.25 MB ( 91%) committed 
      Class space:        1.00 GB reserved,       2.13 MB ( <1%) committed 
             Both:        1.02 GB reserved,      20.38 MB (  2%) committed 

Chunk freelists:
   Non-Class:  768 bytes
       Class:  2.50 KB
        Both:  3.25 KB

CodeHeap 'non-profiled nmethods': size=120064Kb used=568Kb max_used=568Kb free=119495Kb
 bounds [0x0000022c49670000, 0x0000022c498e0000, 0x0000022c50bb0000]
CodeHeap 'profiled nmethods': size=120000Kb used=2608Kb max_used=2608Kb free=117391Kb
 bounds [0x0000022c42140000, 0x0000022c423d0000, 0x0000022c49670000]
CodeHeap 'non-nmethods': size=5696Kb used=1426Kb max_used=1432Kb free=4269Kb
 bounds [0x0000022c41bb0000, 0x0000022c41e20000, 0x0000022c42140000]
 total_blobs=2581 nmethods=1354 adapters=801
 compilation: enabled
              stopped_count=0, restarted_count=0
 full_count=0

Compilation events (10 events):
Event: 1.733 Thread 0x0000022c5d551800 1352       3       java.lang.StringBuilder::toString (35 bytes)
Event: 1.734 Thread 0x0000022c5d551800 nmethod 1352 0x0000022c423ca690 code [0x0000022c423ca880, 0x0000022c423cada0]
Event: 1.734 Thread 0x0000022c5d551800 1353       1       javax.sound.sampled.AudioFormat::getSampleSizeInBits (5 bytes)
Event: 1.734 Thread 0x0000022c5d551800 nmethod 1353 0x0000022c496fdc10 code [0x0000022c496fddc0, 0x0000022c496fded8]
Event: 1.734 Thread 0x0000022c5d551800 1354       1       javax.sound.sampled.AudioFormat::getFrameSize (5 bytes)
Event: 1.734 Thread 0x0000022c5d551800 nmethod 1354 0x0000022c496fdf90 code [0x0000022c496fe140, 0x0000022c496fe258]
Event: 1.734 Thread 0x0000022c5d551800 1350       3       java.io.FileCleanable::register (49 bytes)
Event: 1.734 Thread 0x0000022c5d551800 nmethod 1350 0x0000022c423caf10 code [0x0000022c423cb140, 0x0000022c423cbac0]
Event: 1.734 Thread 0x0000022c5d551800 1351       3       java.io.FileDescriptor$1::get (5 bytes)
Event: 1.734 Thread 0x0000022c5d551800 nmethod 1351 0x0000022c423cbd90 code [0x0000022c423cbf40, 0x0000022c423cc098]

GC Heap History (2 events):
Event: 1.159 GC heap before
{Heap before GC invocations=0 (full 0):
 garbage-first heap   total 260096K, used 22528K [0x0000000703600000, 0x0000000800000000)
  region size 1024K, 22 young (22528K), 0 survivors (0K)
 Metaspace       used 16248K, capacity 16580K, committed 17024K, reserved 1064960K
  class space    used 1415K, capacity 1543K, committed 1664K, reserved 1048576K
}
Event: 1.220 GC heap after
{Heap after GC invocations=1 (full 0):
 garbage-first heap   total 260096K, used 3791K [0x0000000703600000, 0x0000000800000000)
  region size 1024K, 3 young (3072K), 3 survivors (3072K)
 Metaspace       used 16248K, capacity 16580K, committed 17024K, reserved 1064960K
  class space    used 1415K, capacity 1543K, committed 1664K, reserved 1048576K
}

Deoptimization events (10 events):
Event: 1.538 Thread 0x0000022c398c3000 Uncommon trap: reason=unstable_if action=reinterpret pc=0x0000022c496871b0 method=java.lang.StringUTF16.compress([CI[BII)I @ 20 c2
Event: 1.550 Thread 0x0000022c398c3000 Uncommon trap: reason=unstable_if action=reinterpret pc=0x0000022c496cb7bc method=java.lang.String.startsWith(Ljava/lang/String;I)Z @ 14 c2
Event: 1.564 Thread 0x0000022c398c3000 Uncommon trap: reason=unstable_if action=reinterpret pc=0x0000022c496ecfa4 method=java.lang.reflect.AccessibleObject.checkCanSetAccessible(Ljava/lang/Class;Ljava/lang/Class;Z)Z @ 30 c2
Event: 1.640 Thread 0x0000022c5e3b6000 Uncommon trap: reason=unstable_if action=reinterpret pc=0x0000022c496ce65c method=java.io.WinNTFileSystem.normalize(Ljava/lang/String;II)Ljava/lang/String; @ 100 c2
Event: 1.650 Thread 0x0000022c5e3b6000 Uncommon trap: reason=unstable_if action=reinterpret pc=0x0000022c496e1c34 method=java.lang.AbstractStringBuilder.putStringAt(ILjava/lang/String;)V @ 8 c2
Event: 1.650 Thread 0x0000022c5e3b6000 Uncommon trap: reason=unstable_if action=reinterpret pc=0x0000022c49695e9c method=java.lang.AbstractStringBuilder.putStringAt(ILjava/lang/String;)V @ 8 c2
Event: 1.650 Thread 0x0000022c5e3b6000 Uncommon trap: reason=unstable_if action=reinterpret pc=0x0000022c496998f8 method=java.lang.AbstractStringBuilder.isLatin1()Z @ 10 c2
Event: 1.650 Thread 0x0000022c5e3b6000 Uncommon trap: reason=unstable_if action=reinterpret pc=0x0000022c49696974 method=java.lang.String.getBytes([BIB)V @ 5 c2
Event: 1.650 Thread 0x0000022c5e3b6000 Uncommon trap: reason=unstable_if action=reinterpret pc=0x0000022c496c15d8 method=java.lang.AbstractStringBuilder.isLatin1()Z @ 10 c2
Event: 1.651 Thread 0x0000022c5e3b6000 Uncommon trap: reason=unstable_if action=reinterpret pc=0x0000022c4967da80 method=java.io.WinNTFileSystem.isSlash(C)Z @ 9 c2

Classes redefined (0 events):
No events

Internal exceptions (10 events):
Event: 0.551 Thread 0x0000022c398c3000 Exception <a 'java/lang/NoSuchMethodError'{0x0000000712608298}: java.lang.invoke.DirectMethodHandle$Holder.invokeStaticInit(Ljava/lang/Object;Ljava/lang/Object;JLjava/lang/Object;)Ljava/lang/Object;> (0x0000000712608298) thrown at [t:/workspace/open/src/h
Event: 0.552 Thread 0x0000022c398c3000 Exception <a 'java/lang/NoSuchMethodError'{0x000000071260e140}: java.lang.invoke.DirectMethodHandle$Holder.invokeStatic(Ljava/lang/Object;Ljava/lang/Object;J)Ljava/lang/Object;> (0x000000071260e140) thrown at [t:/workspace/open/src/hotspot/share/interpret
Event: 0.552 Thread 0x0000022c398c3000 Exception <a 'java/lang/NoSuchMethodError'{0x0000000712614410}: java.lang.invoke.Invokers$Holder.linkToTargetMethod(Ljava/lang/Object;JLjava/lang/Object;)Ljava/lang/Object;> (0x0000000712614410) thrown at [t:/workspace/open/src/hotspot/share/interpreter/l
Event: 0.604 Thread 0x0000022c398c3000 Exception <a 'sun/nio/fs/WindowsException'{0x000000071265e4e8}> (0x000000071265e4e8) thrown at [t:/workspace/open/src/hotspot/share/prims/jni.cpp, line 615]
Event: 1.521 Thread 0x0000022c398c3000 Exception <a 'java/lang/NoSuchMethodError'{0x0000000712525fa8}: java.lang.invoke.DirectMethodHandle$Holder.invokeStaticInit(Ljava/lang/Object;)V> (0x0000000712525fa8) thrown at [t:/workspace/open/src/hotspot/share/interpreter/linkResolver.cpp, line 772]
Event: 1.553 Thread 0x0000022c398c3000 Exception <a 'java/lang/NoSuchMethodError'{0x00000007124eb288}: java.lang.invoke.DirectMethodHandle$Holder.invokeStatic(Ljava/lang/Object;Ljava/lang/Object;Ljava/lang/Object;Ljava/lang/Object;Ljava/lang/Object;Ljava/lang/Object;Ljava/lang/Object;Ljava/lan
Event: 1.554 Thread 0x0000022c398c3000 Exception <a 'java/lang/NoSuchMethodError'{0x0000000712309910}: java.lang.invoke.DirectMethodHandle$Holder.invokeStatic(Ljava/lang/Object;Ljava/lang/Object;Ljava/lang/Object;Ljava/lang/Object;Ljava/lang/Object;Ljava/lang/Object;Ljava/lang/Object;Ljava/lan
Event: 1.555 Thread 0x0000022c398c3000 Exception <a 'java/lang/NoSuchMethodError'{0x00000007123288a0}: java.lang.invoke.DirectMethodHandle$Holder.invokeStatic(Ljava/lang/Object;Ljava/lang/Object;Ljava/lang/Object;Ljava/lang/Object;Ljava/lang/Object;Ljava/lang/Object;Ljava/lang/Object;Ljava/lan
Event: 1.555 Thread 0x0000022c398c3000 Exception <a 'java/lang/NoSuchMethodError'{0x00000007123348f8}: java.lang.invoke.Invokers$Holder.linkToTargetMethod(Ljava/lang/Object;ILjava/lang/Object;)Ljava/lang/Object;> (0x00000007123348f8) thrown at [t:/workspace/open/src/hotspot/share/interpreter/l
Event: 1.564 Thread 0x0000022c398c3000 Exception <a 'java/lang/reflect/InvocationTargetException'{0x000000071234fa20}> (0x000000071234fa20) thrown at [t:/workspace/open/src/hotspot/share/runtime/reflection.cpp, line 1242]

Events (10 events):
Event: 1.711 loading class javax/sound/sampled/LineEvent done
Event: 1.711 loading class javax/sound/sampled/LineEvent$Type
Event: 1.711 loading class javax/sound/sampled/LineEvent$Type done
Event: 1.711 loading class com/sun/media/sound/EventDispatcher
Event: 1.711 loading class com/sun/media/sound/EventDispatcher done
Event: 1.711 Thread 0x0000022c65ca2000 Thread added: 0x0000022c65ca2000
Event: 1.712 Executing VM operation: RevokeBias
Event: 1.712 Executing VM operation: RevokeBias done
Event: 1.731 Thread 0x0000022c65d3f000 Thread added: 0x0000022c65d3f000
Event: 1.738 Thread 0x0000022c5e3c9800 Thread added: 0x0000022c5e3c9800


Dynamic libraries:
0x00007ff6c15d0000 - 0x00007ff6c1617000 	C:\Users\mawan6\OneDrive - George Mason University - O365 Production\jdk-11\bin\javaw.exe
0x00007ffbe4dd0000 - 0x00007ffbe4fe7000 	C:\WINDOWS\SYSTEM32\ntdll.dll
0x00007ffbe37e0000 - 0x00007ffbe38a4000 	C:\WINDOWS\System32\KERNEL32.DLL
0x00007ffbe23b0000 - 0x00007ffbe2767000 	C:\WINDOWS\System32\KERNELBASE.dll
0x00007ffbdde20000 - 0x00007ffbddeb7000 	C:\WINDOWS\SYSTEM32\apphelp.dll
0x00007ffbe4760000 - 0x00007ffbe4812000 	C:\WINDOWS\System32\ADVAPI32.dll
0x00007ffbe3a80000 - 0x00007ffbe3b27000 	C:\WINDOWS\System32\msvcrt.dll
0x00007ffbe34f0000 - 0x00007ffbe3598000 	C:\WINDOWS\System32\sechost.dll
0x00007ffbe2ad0000 - 0x00007ffbe2af8000 	C:\WINDOWS\System32\bcrypt.dll
0x00007ffbe36b0000 - 0x00007ffbe37c4000 	C:\WINDOWS\System32\RPCRT4.dll
0x00007ffbe2bb0000 - 0x00007ffbe2d5f000 	C:\WINDOWS\System32\USER32.dll
0x00007ffbe2380000 - 0x00007ffbe23a6000 	C:\WINDOWS\System32\win32u.dll
0x00007ffbe4730000 - 0x00007ffbe4759000 	C:\WINDOWS\System32\GDI32.dll
0x00007ffbe2910000 - 0x00007ffbe2a28000 	C:\WINDOWS\System32\gdi32full.dll
0x00007ffbe2a30000 - 0x00007ffbe2aca000 	C:\WINDOWS\System32\msvcp_win.dll
0x00007ffbe27f0000 - 0x00007ffbe2901000 	C:\WINDOWS\System32\ucrtbase.dll
0x00007ffbc3ef0000 - 0x00007ffbc4183000 	C:\WINDOWS\WinSxS\amd64_microsoft.windows.common-controls_6595b64144ccf1df_6.0.22621.3672_none_2713b9d173822955\COMCTL32.dll
0x00007ffbdeaa0000 - 0x00007ffbdeaaa000 	C:\WINDOWS\SYSTEM32\VERSION.dll
0x00007ffbe4820000 - 0x00007ffbe4851000 	C:\WINDOWS\System32\IMM32.DLL
0x00007ffbcc3c0000 - 0x00007ffbcc3d6000 	C:\Users\mawan6\OneDrive - George Mason University - O365 Production\jdk-11\bin\vcruntime140.dll
0x00007ffbc83e0000 - 0x00007ffbc848a000 	C:\Users\mawan6\OneDrive - George Mason University - O365 Production\jdk-11\bin\msvcp140.dll
0x00007ffb4b9f0000 - 0x00007ffb4c532000 	C:\Users\mawan6\OneDrive - George Mason University - O365 Production\jdk-11\bin\server\jvm.dll
0x00007ffbe33e0000 - 0x00007ffbe33e8000 	C:\WINDOWS\System32\PSAPI.DLL
0x00007ffbd01e0000 - 0x00007ffbd0214000 	C:\WINDOWS\SYSTEM32\WINMM.dll
0x00007ffbcd2e0000 - 0x00007ffbcd2e9000 	C:\WINDOWS\SYSTEM32\WSOCK32.dll
0x00007ffbe39a0000 - 0x00007ffbe3a11000 	C:\WINDOWS\System32\WS2_32.dll
0x00007ffbe1090000 - 0x00007ffbe10a8000 	C:\WINDOWS\SYSTEM32\kernel.appcore.dll
0x00007ffbcc3a0000 - 0x00007ffbcc3b1000 	C:\Users\mawan6\OneDrive - George Mason University - O365 Production\jdk-11\bin\verify.dll
0x00007ffbc8520000 - 0x00007ffbc8752000 	C:\WINDOWS\SYSTEM32\DBGHELP.DLL
0x00007ffbe3b30000 - 0x00007ffbe3ebe000 	C:\WINDOWS\System32\combase.dll
0x00007ffbe38b0000 - 0x00007ffbe3987000 	C:\WINDOWS\System32\OLEAUT32.dll
0x00007ffbb35a0000 - 0x00007ffbb35d2000 	C:\WINDOWS\SYSTEM32\dbgcore.DLL
0x00007ffbe2770000 - 0x00007ffbe27eb000 	C:\WINDOWS\System32\bcryptPrimitives.dll
0x00007ffbcba20000 - 0x00007ffbcba49000 	C:\Users\mawan6\OneDrive - George Mason University - O365 Production\jdk-11\bin\java.dll
0x00007ffbcb9e0000 - 0x00007ffbcb9f6000 	C:\Users\mawan6\OneDrive - George Mason University - O365 Production\jdk-11\bin\zip.dll
0x00007ffbde030000 - 0x00007ffbde03a000 	C:\Users\mawan6\OneDrive - George Mason University - O365 Production\jdk-11\bin\jimage.dll
0x00007ffbe3ec0000 - 0x00007ffbe4729000 	C:\WINDOWS\System32\SHELL32.dll
0x00007ffbdff50000 - 0x00007ffbe084f000 	C:\WINDOWS\SYSTEM32\windows.storage.dll
0x00007ffbdfe10000 - 0x00007ffbdff4f000 	C:\WINDOWS\SYSTEM32\wintypes.dll
0x00007ffbe33f0000 - 0x00007ffbe34e9000 	C:\WINDOWS\System32\SHCORE.dll
0x00007ffbe3340000 - 0x00007ffbe339e000 	C:\WINDOWS\System32\shlwapi.dll
0x00007ffbe2010000 - 0x00007ffbe2037000 	C:\WINDOWS\SYSTEM32\profapi.dll
0x00007ffbca530000 - 0x00007ffbca549000 	C:\Users\mawan6\OneDrive - George Mason University - O365 Production\jdk-11\bin\net.dll
0x00007ffbdc020000 - 0x00007ffbdc156000 	C:\WINDOWS\SYSTEM32\WINHTTP.dll
0x00007ffbe1550000 - 0x00007ffbe15b9000 	C:\WINDOWS\system32\mswsock.dll
0x00007ffbc83c0000 - 0x00007ffbc83d3000 	C:\Users\mawan6\OneDrive - George Mason University - O365 Production\jdk-11\bin\nio.dll
0x00007ffbb0ff0000 - 0x00007ffbb118f000 	C:\Users\mawan6\OneDrive - George Mason University - O365 Production\jdk-11\bin\awt.dll
0x00007ffbdcc40000 - 0x00007ffbdd22e000 	C:\WINDOWS\SYSTEM32\d2d1.dll
0x00007ffbdf850000 - 0x00007ffbdf87b000 	C:\WINDOWS\system32\DWMAPI.DLL
0x00007ffbdf400000 - 0x00007ffbdf4b1000 	C:\WINDOWS\system32\uxtheme.dll
0x00007ffbba050000 - 0x00007ffbba150000 	C:\WINDOWS\system32\opengl32.dll
0x00007ffbc6840000 - 0x00007ffbc686d000 	C:\WINDOWS\SYSTEM32\GLU32.dll
0x00007ffbdf510000 - 0x00007ffbdf547000 	C:\WINDOWS\SYSTEM32\dxcore.dll
0x00007ffbe4a60000 - 0x00007ffbe4bc0000 	C:\WINDOWS\System32\MSCTF.dll
0x00007ffbe4860000 - 0x00007ffbe4a05000 	C:\WINDOWS\System32\ole32.dll
0x00007ffbe18a0000 - 0x00007ffbe18bb000 	C:\WINDOWS\SYSTEM32\CRYPTSP.dll
0x00007ffbe1050000 - 0x00007ffbe1085000 	C:\WINDOWS\system32\rsaenh.dll
0x00007ffbe15f0000 - 0x00007ffbe1618000 	C:\WINDOWS\SYSTEM32\USERENV.dll
0x00007ffbe1880000 - 0x00007ffbe188c000 	C:\WINDOWS\SYSTEM32\CRYPTBASE.dll
0x00007ffbe0940000 - 0x00007ffbe096d000 	C:\WINDOWS\SYSTEM32\IPHLPAPI.DLL
0x00007ffbe37d0000 - 0x00007ffbe37d9000 	C:\WINDOWS\System32\NSI.dll
0x00007ffbde650000 - 0x00007ffbde669000 	C:\WINDOWS\SYSTEM32\dhcpcsvc6.DLL
0x00007ffbde5f0000 - 0x00007ffbde60f000 	C:\WINDOWS\SYSTEM32\dhcpcsvc.DLL
0x00007ffbe09a0000 - 0x00007ffbe0aa2000 	C:\WINDOWS\SYSTEM32\DNSAPI.dll
0x00000000637c0000 - 0x00000000637cd000 	C:\Users\mawan6\AppData\Local\Temp\jogamp_0000\file_cache\jln4869493782408667624\jln3609800273686948981\natives\windows-amd64\gluegen-rt.dll
0x00007ffbdcc10000 - 0x00007ffbdcc17000 	C:\Users\mawan6\OneDrive - George Mason University - O365 Production\jdk-11\bin\jawt.dll
0x000000006a440000 - 0x000000006a44d000 	C:\Users\mawan6\AppData\Local\Temp\jogamp_0000\file_cache\jln4869493782408667624\jln3609800273686948981\natives\windows-amd64\nativewindow_awt.dll
0x000000006c100000 - 0x000000006c10f000 	C:\Users\mawan6\AppData\Local\Temp\jogamp_0000\file_cache\jln4869493782408667624\jln3609800273686948981\natives\windows-amd64\nativewindow_win32.dll
0x0000000064500000 - 0x00000000645b1000 	C:\Users\mawan6\AppData\Local\Temp\jogamp_0000\file_cache\jln4869493782408667624\jln3609800273686948981\natives\windows-amd64\jogl_desktop.dll
0x0000000064340000 - 0x00000000643a2000 	C:\Users\mawan6\AppData\Local\Temp\jogamp_0000\file_cache\jln4869493782408667624\jln3609800273686948981\natives\windows-amd64\jogl_mobile.dll
0x00007ffbdacd0000 - 0x00007ffbdad19000 	C:\WINDOWS\SYSTEM32\directxdatabasehelper.dll
0x00007ffbe2b00000 - 0x00007ffbe2bb0000 	C:\WINDOWS\System32\clbcatq.dll
0x00007ffbda4f0000 - 0x00007ffbda634000 	C:\Windows\System32\AppXDeploymentClient.dll
0x00007ffb423f0000 - 0x00007ffb43495000 	C:\WINDOWS\System32\DriverStore\FileRepository\iigd_dch.inf_amd64_325f70e261e5a9de\ig9icd64.dll
0x00007ffbdf560000 - 0x00007ffbdf657000 	C:\WINDOWS\system32\dxgi.dll
0x00007ffbb07a0000 - 0x00007ffbb08cc000 	C:\WINDOWS\System32\DriverStore\FileRepository\iigd_dch.inf_amd64_325f70e261e5a9de\igdml64.dll
0x00007ffbd68d0000 - 0x00007ffbd6cd9000 	C:\WINDOWS\System32\DriverStore\FileRepository\iigd_dch.inf_amd64_325f70e261e5a9de\igdgmm64.dll
0x00007ffbc7f40000 - 0x00007ffbc7f97000 	C:\WINDOWS\SYSTEM32\ControlLib.dll
0x00007ffbe2ec0000 - 0x00007ffbe3334000 	C:\WINDOWS\System32\SETUPAPI.dll
0x00007ffbe1cb0000 - 0x00007ffbe1cdc000 	C:\WINDOWS\SYSTEM32\DEVOBJ.dll
0x00007ffbe1ce0000 - 0x00007ffbe1d2e000 	C:\WINDOWS\SYSTEM32\cfgmgr32.dll
0x00007ffbe2310000 - 0x00007ffbe237c000 	C:\WINDOWS\System32\WINTRUST.dll
0x00007ffbe20e0000 - 0x00007ffbe2246000 	C:\WINDOWS\System32\CRYPT32.dll
0x00007ffbe18f0000 - 0x00007ffbe1902000 	C:\WINDOWS\SYSTEM32\MSASN1.dll
0x00007ffbd2cc0000 - 0x00007ffbd6454000 	C:\WINDOWS\System32\DriverStore\FileRepository\iigd_dch.inf_amd64_325f70e261e5a9de\igc64.dll
0x00007ffbe1fb0000 - 0x00007ffbe1ffd000 	C:\WINDOWS\SYSTEM32\powrprof.dll
0x00007ffbe1de0000 - 0x00007ffbe1df3000 	C:\WINDOWS\SYSTEM32\UMPDC.dll
0x00007ffbc6cf0000 - 0x00007ffbc6d70000 	C:\Users\mawan6\OneDrive - George Mason University - O365 Production\jdk-11\bin\freetype.dll
0x00007ffbb1430000 - 0x00007ffbb149f000 	C:\Users\mawan6\OneDrive - George Mason University - O365 Production\jdk-11\bin\fontmanager.dll
0x00007ffbbbed0000 - 0x00007ffbbc013000 	C:\WINDOWS\SYSTEM32\textinputframework.dll
0x00007ffbc83a0000 - 0x00007ffbc83b2000 	C:\Users\mawan6\OneDrive - George Mason University - O365 Production\jdk-11\bin\jsound.dll
0x00007ffbb06f0000 - 0x00007ffbb0792000 	C:\WINDOWS\SYSTEM32\DSOUND.dll
0x00007ffbcfbc0000 - 0x00007ffbcfbe9000 	C:\WINDOWS\SYSTEM32\winmmbase.dll
0x00007ffbb0630000 - 0x00007ffbb06e1000 	C:\WINDOWS\SYSTEM32\ResampleDmo.DLL
0x00007ffbcb670000 - 0x00007ffbcb67b000 	C:\WINDOWS\SYSTEM32\msdmo.dll
0x00007ffbd8830000 - 0x00007ffbd88ce000 	C:\WINDOWS\System32\MMDevApi.dll
0x00007ffb7cdc0000 - 0x00007ffb7ce06000 	C:\WINDOWS\SYSTEM32\wdmaud.drv
0x00007ffbc0b00000 - 0x00007ffbc0b09000 	C:\WINDOWS\SYSTEM32\ksuser.dll
0x00007ffbdb4d0000 - 0x00007ffbdb4db000 	C:\WINDOWS\SYSTEM32\AVRT.dll
0x00007ffbd2980000 - 0x00007ffbd2b6d000 	C:\WINDOWS\SYSTEM32\AUDIOSES.DLL
0x00007ffbde6b0000 - 0x00007ffbde6be000 	C:\WINDOWS\SYSTEM32\msacm32.drv
0x00007ffbbbd20000 - 0x00007ffbbbd3e000 	C:\WINDOWS\SYSTEM32\MSACM32.dll
0x00007ffbcb980000 - 0x00007ffbcb98b000 	C:\WINDOWS\SYSTEM32\midimap.dll
0x00007ffbc3b90000 - 0x00007ffbc3d09000 	C:\Windows\System32\Windows.UI.dll
0x00007ffbdf8d0000 - 0x00007ffbdf8e5000 	C:\WINDOWS\SYSTEM32\resourcepolicyclient.dll

dbghelp: loaded successfully - version: 4.0.5 - missing functions: none
symbol engine: initialized successfully - sym options: 0x614 - pdb path: .;C:\Users\mawan6\OneDrive - George Mason University - O365 Production\jdk-11\bin;C:\WINDOWS\SYSTEM32;C:\WINDOWS\WinSxS\amd64_microsoft.windows.common-controls_6595b64144ccf1df_6.0.22621.3672_none_2713b9d173822955;C:\Users\mawan6\OneDrive - George Mason University - O365 Production\jdk-11\bin\server;C:\Users\mawan6\AppData\Local\Temp\jogamp_0000\file_cache\jln4869493782408667624\jln3609800273686948981\natives\windows-amd64;C:\WINDOWS\System32\DriverStore\FileRepository\iigd_dch.inf_amd64_325f70e261e5a9de

VM Arguments:
jvm_args: -Djava.library.path=C:\Users\mawan6\OneDrive - George Mason University - O365 Production\CS551\JOGL2022\jogamp-all-platforms\lib\windows-amd64;C:\Users\mawan6\OneDrive - George Mason University - O365 Production\CS551\JOGL2022\jogamp-all-platforms\lib\windows-amd64 -Dfile.encoding=UTF-8 -Dstdout.encoding=UTF-8 -Dstderr.encoding=UTF-8 
java_command: HW5_BounceInCircle
java_class_path (initial): C:\Users\mawan6\OneDrive - George Mason University - O365 Production\CS551\JOGL2022\bin;C:\Users\mawan6\OneDrive - George Mason University - O365 Production\CS551\JOGL2022\jogamp-all-platforms\jar\atomic\gluegen-gl.jar;C:\Users\mawan6\OneDrive - George Mason University - O365 Production\CS551\JOGL2022\jogamp-all-platforms\jar\atomic\jogl.jar;C:\Users\mawan6\OneDrive - George Mason University - O365 Production\CS551\JOGL2022\jogamp-all-platforms\jar\atomic\jogl-awt.jar;C:\Users\mawan6\OneDrive - George Mason University - O365 Production\CS551\JOGL2022\jogamp-all-platforms\jar\atomic\jogl-cg.jar;C:\Users\mawan6\OneDrive - George Mason University - O365 Production\CS551\JOGL2022\jogamp-all-platforms\jar\atomic\jogl-cg-natives-android-aarch64.jar;C:\Users\mawan6\OneDrive - George Mason University - O365 Production\CS551\JOGL2022\jogamp-all-platforms\jar\atomic\jogl-cg-natives-android-armv6.jar;C:\Users\mawan6\OneDrive - George Mason University - O365 Production\CS551\JOGL2022\jogamp-all-platforms\jar\atomic\jogl-cg-natives-linux-amd64.jar;C:\Users\mawan6\OneDrive - George Mason University - O365 Production\CS551\JOGL2022\jogamp-all-platforms\jar\atomic\jogl-cg-natives-linux-armv6.jar;C:\Users\mawan6\OneDrive - George Mason University - O365 Production\CS551\JOGL2022\jogamp-all-platforms\jar\atomic\jogl-cg-natives-linux-armv6hf.jar;C:\Users\mawan6\OneDrive - George Mason University - O365 Production\CS551\JOGL2022\jogamp-all-platforms\jar\atomic\jogl-cg-natives-linux-i586.jar;C:\Users\mawan6\OneDrive - George Mason University - O365 Production\CS551\JOGL2022\jogamp-all-platforms\jar\atomic\jogl-cg-natives-macosx-universal.jar;C:\Users\mawan6\OneDrive - George Mason University - O365 Production\CS551\JOGL2022\jogamp-all-platforms\jar\atomic\jogl-cg-natives-solaris-amd64.jar;C:\Users\mawan6\OneDrive - George Mason University - O365 Production\CS551\JOGL2022\jogamp-all-platforms\jar\atomic\jogl-cg-natives-solaris-i586.jar;C:\Users\mawan6\OneDriv
Launcher Type: SUN_STANDARD

[Global flags]
     intx CICompilerCount                          = 3                                         {product} {ergonomic}
     uint ConcGCThreads                            = 2                                         {product} {ergonomic}
     uint G1ConcRefinementThreads                  = 6                                         {product} {ergonomic}
   size_t G1HeapRegionSize                         = 1048576                                   {product} {ergonomic}
    uintx GCDrainStackTargetSize                   = 64                                        {product} {ergonomic}
   size_t InitialHeapSize                          = 266338304                                 {product} {ergonomic}
   size_t MarkStackSize                            = 4194304                                   {product} {ergonomic}
   size_t MaxHeapSize                              = 4238344192                                {product} {ergonomic}
   size_t MaxNewSize                               = 2542796800                                {product} {ergonomic}
   size_t MinHeapDeltaBytes                        = 1048576                                   {product} {ergonomic}
    uintx NonNMethodCodeHeapSize                   = 5830092                                {pd product} {ergonomic}
    uintx NonProfiledCodeHeapSize                  = 122914074                              {pd product} {ergonomic}
    uintx ProfiledCodeHeapSize                     = 122914074                              {pd product} {ergonomic}
    uintx ReservedCodeCacheSize                    = 251658240                              {pd product} {ergonomic}
     bool SegmentedCodeCache                       = true                                      {product} {ergonomic}
     bool UseCompressedClassPointers               = true                                 {lp64_product} {ergonomic}
     bool UseCompressedOops                        = true                                 {lp64_product} {ergonomic}
     bool UseG1GC                                  = true                                      {product} {ergonomic}
     bool UseLargePagesIndividualAllocation        = false                                  {pd product} {ergonomic}

Logging:
Log output configuration:
 #0: stdout all=warning uptime,level,tags
 #1: stderr all=off uptime,level,tags

Environment Variables:
JAVA_HOME=C:\Program Files\OpenJDK\jdk-22.0.1\bin
PATH=C:/Program Files/eclipse-2024-03-R/eclipse//plugins/org.eclipse.justj.openjdk.hotspot.jre.full.win32.x86_64_17.0.10.v20240120-1143/jre/bin/server;C:/Program Files/eclipse-2024-03-R/eclipse//plugins/org.eclipse.justj.openjdk.hotspot.jre.full.win32.x86_64_17.0.10.v20240120-1143/jre/bin;C:\WINDOWS\CCM\;C:\WINDOWS\system32;C:\WINDOWS;C:\WINDOWS\System32\Wbem;C:\WINDOWS\System32\WindowsPowerShell\v1.0\;C:\WINDOWS\System32\OpenSSH\;C:\WINDOWS\system32\config\systemprofile\AppData\Local\Microsoft\WindowsApps;C:\Program Files\OpenJDK\20.0.1\bin;C:\Program Files\Microsoft VS Code\bin;C:\Program Files\dotnet\;C:\Program Files\SASHome\SASFoundation\9.4\core\sasexe;C:\Program Files\SASHome\SASFoundation\9.4\ets\sasexe;C:\Program Files (x86)\PharosSystems\Core;C:\Program Files\OpenJDK\20.0.1\bin;C:\Program Files\OpenJDK\jdk-22.0.1\bin;C:\Program Files\Wolfram Research\WolframScript\;C:\MatlabR2024a\runtime\win64;C:\MatlabR2024a\bin;C:\Program Files\PuTTY\;C:\Users\mawan6\AppData\Local\Microsoft\WindowsApps;;C:\WINDOWS\system32;
USERNAME=mawan6
OS=Windows_NT
PROCESSOR_IDENTIFIER=Intel64 Family 6 Model 158 Stepping 10, GenuineIntel



---------------  S Y S T E M  ---------------

OS: Windows 10 , 64 bit Build 22621 (10.0.22621.3958)

CPU:total 6 (initial active 6) (6 cores per cpu, 1 threads per core) family 6 model 158 stepping 10, cmov, cx8, fxsr, mmx, sse, sse2, sse3, ssse3, sse4.1, sse4.2, popcnt, avx, avx2, aes, clmul, erms, rtm, 3dnowpref, lzcnt, tsc, tscinvbit, bmi1, bmi2, adx, fma

Memory: 4k page, system-wide physical 16165M (7574M free)
TotalPageFile size 18597M (AvailPageFile size 9537M)
current process WorkingSet (physical memory assigned to process): 166M, peak: 166M
current process commit charge ("private bytes"): 391M, peak: 395M

vm_info: Java HotSpot(TM) 64-Bit Server VM (11+28) for windows-amd64 JRE (11+28), built on Aug 23 2018 03:03:59 by "mach5one" with MS VC++ 15.5 (VS2017)

END.
