#
# A fatal error has been detected by the Java Runtime Environment:
#
#  EXCEPTION_ACCESS_VIOLATION (0xc0000005) at pc=0x00007ffa9bfa83bb, pid=9652, tid=12268
#
# JRE version: Java(TM) SE Runtime Environment (11.0+28) (build 11+28)
# Java VM: Java HotSpot(TM) 64-Bit Server VM (11+28, mixed mode, tiered, compressed oops, g1 gc, windows-amd64)
# Problematic frame:
# C  [ig9icd64.dll+0x9183bb]
#
# No core dump will be written. Minidumps are not enabled by default on client versions of Windows
#
# If you would like to submit a bug report, please visit:
#   http://bugreport.java.com/bugreport/crash.jsp
# The crash happened outside the Java Virtual Machine in native code.
# See problematic frame for where to report the bug.
#

---------------  S U M M A R Y ------------

Command Line: -Djava.library.path=C:\Users\mawan6\OneDrive - George Mason University - O365 Production\CS551\JOGL2022\jogamp-all-platforms\lib\windows-amd64;C:\Users\mawan6\OneDrive - George Mason University - O365 Production\CS551\JOGL2022\jogamp-all-platforms\lib\windows-amd64 -Dfile.encoding=UTF-8 -Dstdout.encoding=UTF-8 -Dstderr.encoding=UTF-8 HW5_BounceInCircle

Host: Intel(R) Core(TM) i5-9500 CPU @ 3.00GHz, 6 cores, 15G,  Windows 10 , 64 bit Build 22621 (10.0.22621.3958)
Time: Wed Oct 23 16:22:05 2024 Eastern Daylight Time elapsed time: 1 seconds (0d 0h 0m 1s)

---------------  T H R E A D  ---------------

Current thread (0x000002814996d000):  JavaThread "AWT-EventQueue-0" [_thread_in_native, id=12268, stack(0x000000ec4ee00000,0x000000ec4ef00000)]

Stack: [0x000000ec4ee00000,0x000000ec4ef00000],  sp=0x000000ec4eefa940,  free space=1002k
Native frames: (J=compiled Java code, j=interpreted, Vv=VM code, C=native code)
C  [ig9icd64.dll+0x9183bb]

Java frames: (J=compiled Java code, j=interpreted, Vv=VM code)
j  jogamp.opengl.gl4.GL4bcImpl.dispatch_glDrawArrays1(IIIJ)V+0
j  jogamp.opengl.gl4.GL4bcImpl.glDrawArrays(III)V+45
j  HW5_BounceInCircle.drawEquidistantPoints()V+57
j  HW5_BounceInCircle.display(Lcom/jogamp/opengl/GLAutoDrawable;)V+43
j  jogamp.opengl.GLDrawableHelper.displayImpl(Lcom/jogamp/opengl/GLAutoDrawable;)V+62
j  jogamp.opengl.GLDrawableHelper.display(Lcom/jogamp/opengl/GLAutoDrawable;)V+2
j  com.jogamp.opengl.awt.GLCanvas$11.run()V+118
j  jogamp.opengl.GLDrawableHelper.invokeGLImpl(Lcom/jogamp/opengl/GLDrawable;Lcom/jogamp/opengl/GLContext;Ljava/lang/Runnable;Ljava/lang/Runnable;)V+203
j  jogamp.opengl.GLDrawableHelper.invokeGL(Lcom/jogamp/opengl/GLDrawable;Lcom/jogamp/opengl/GLContext;Ljava/lang/Runnable;Ljava/lang/Runnable;)V+72
j  com.jogamp.opengl.awt.GLCanvas$12.run()V+104
j  java.awt.event.InvocationEvent.dispatch()V+11 java.desktop@11
j  java.awt.EventQueue.dispatchEventImpl(Ljava/awt/AWTEvent;Ljava/lang/Object;)V+21 java.desktop@11
j  java.awt.EventQueue$4.run()Ljava/lang/Void;+32 java.desktop@11
j  java.awt.EventQueue$4.run()Ljava/lang/Object;+1 java.desktop@11
v  ~StubRoutines::call_stub
j  java.security.AccessController.doPrivileged(Ljava/security/PrivilegedAction;Ljava/security/AccessControlContext;)Ljava/lang/Object;+0 java.base@11
j  java.security.ProtectionDomain$JavaSecurityAccessImpl.doIntersectionPrivilege(Ljava/security/PrivilegedAction;Ljava/security/AccessControlContext;Ljava/security/AccessControlContext;)Ljava/lang/Object;+18 java.base@11
j  java.awt.EventQueue.dispatchEvent(Ljava/awt/AWTEvent;)V+46 java.desktop@11
j  java.awt.EventDispatchThread.pumpOneEventForFilters(I)V+78 java.desktop@11
j  java.awt.EventDispatchThread.pumpEventsForFilter(ILjava/awt/Conditional;Ljava/awt/EventFilter;)V+35 java.desktop@11
j  java.awt.EventDispatchThread.pumpEventsForHierarchy(ILjava/awt/Conditional;Ljava/awt/Component;)V+11 java.desktop@11
j  java.awt.EventDispatchThread.pumpEvents(ILjava/awt/Conditional;)V+4 java.desktop@11
j  java.awt.EventDispatchThread.pumpEvents(Ljava/awt/Conditional;)V+3 java.desktop@11
j  java.awt.EventDispatchThread.run()V+9 java.desktop@11
v  ~StubRoutines::call_stub

siginfo: EXCEPTION_ACCESS_VIOLATION (0xc0000005), reading address 0x0000000000000030


Register to memory mapping:

RIP=0x00007ffa9bfa83bb ig9icd64.dll
RAX=0x0000028149d5c580 points into unknown readable memory
RBX=0x0 is NULL
RCX=0x0 is NULL
RDX=0x00000281514b4680 points into unknown readable memory
RSP=0x000000ec4eefa940 is pointing into the stack for thread: 0x000002814996d000
RBP=0x000000ec4eefaa40 is pointing into the stack for thread: 0x000002814996d000
RSI=0x00000281514b4f60 points into unknown readable memory
RDI=0x000002814a9ae040 points into unknown readable memory
R8 =0x000002814aa03c00 points into unknown readable memory
R9 =0x00000281514b4680 points into unknown readable memory
R10=0x000002814a9d910a points into unknown readable memory
R11=0x0000000000000001 is an unknown value
R12=0x0000000000000003 is an unknown value
R13=0x0000028149d5c738 points into unknown readable memory
R14=0x0 is NULL
R15=0x0 is NULL


Registers:
RAX=0x0000028149d5c580, RBX=0x0000000000000000, RCX=0x0000000000000000, RDX=0x00000281514b4680
RSP=0x000000ec4eefa940, RBP=0x000000ec4eefaa40, RSI=0x00000281514b4f60, RDI=0x000002814a9ae040
R8 =0x000002814aa03c00, R9 =0x00000281514b4680, R10=0x000002814a9d910a, R11=0x0000000000000001
R12=0x0000000000000003, R13=0x0000028149d5c738, R14=0x0000000000000000, R15=0x0000000000000000
RIP=0x00007ffa9bfa83bb, EFLAGS=0x0000000000010206

Top of Stack: (sp=0x000000ec4eefa940)
0x000000ec4eefa940:   0000001000000000 000002814aa0c5f0
0x000000ec4eefa950:   000002814a9d8ba0 000002814a9e69c0
0x000000ec4eefa960:   0000000000000001 0000028151371ee0
0x000000ec4eefa970:   000002814aa03c20 00000000ffffffff
0x000000ec4eefa980:   0000000000000000 0000000000000000
0x000000ec4eefa990:   0000020000000001 0000000200000000
0x000000ec4eefa9a0:   0000010100000000 0000000000000003
0x000000ec4eefa9b0:   000002814a9d910a 000000ec4eefb090
0x000000ec4eefa9c0:   0000028100000001 0000028149d5c738
0x000000ec4eefa9d0:   0000000000000000 00000281514b4680
0x000000ec4eefa9e0:   000002814a9d910a 000002814a9f1e90
0x000000ec4eefa9f0:   0000000000000000 0000028151371ee0
0x000000ec4eefaa00:   000002814aa03c20 0000000000000000
0x000000ec4eefaa10:   0000000000000000 0000000000000000
0x000000ec4eefaa20:   000002814e800998 0000096800000001
0x000000ec4eefaa30:   000002814a9e2e48 0000000000000000 

Instructions: (pc=0x00007ffa9bfa83bb)
0x00007ffa9bfa839b:   49 89 13 45 2b e0 e9 94 00 00 00 83 78 08 00 74
0x00007ffa9bfa83ab:   39 4c 8d a8 b8 01 00 00 4c 89 6d 88 49 8b 5d 30
0x00007ffa9bfa83bb:   48 8b 43 30 48 8b 48 20 ba 02 00 00 00 48 8b 49
0x00007ffa9bfa83cb:   08 e8 6f 33 70 ff 4c 8b 5c 24 78 41 89 43 08 8b 



---------------  P R O C E S S  ---------------

Threads class SMR info:
_java_thread_list=0x000002815143a010, length=19, elements={
0x0000028148e77000, 0x0000028148e6b000, 0x000002814814b000, 0x000002814814c000,
0x0000028148e79000, 0x0000028148e80800, 0x0000028148e86800, 0x0000028149001000,
0x0000028149039000, 0x0000028149a8d800, 0x0000028149a8e800, 0x0000028149c41000,
0x000002814996d000, 0x0000028149128000, 0x000002814a7b9800, 0x00000281251e4000,
0x0000028151420800, 0x0000028151435000, 0x0000028151465800
}

Java Threads: ( => current thread )
  0x0000028148e77000 JavaThread "Reference Handler" daemon [_thread_blocked, id=15172, stack(0x000000ec4e000000,0x000000ec4e100000)]
  0x0000028148e6b000 JavaThread "Finalizer" daemon [_thread_blocked, id=9508, stack(0x000000ec4e100000,0x000000ec4e200000)]
  0x000002814814b000 JavaThread "Signal Dispatcher" daemon [_thread_blocked, id=8824, stack(0x000000ec4e200000,0x000000ec4e300000)]
  0x000002814814c000 JavaThread "Attach Listener" daemon [_thread_blocked, id=6612, stack(0x000000ec4e300000,0x000000ec4e400000)]
  0x0000028148e79000 JavaThread "C2 CompilerThread0" daemon [_thread_blocked, id=18176, stack(0x000000ec4e400000,0x000000ec4e500000)]
  0x0000028148e80800 JavaThread "C1 CompilerThread0" daemon [_thread_blocked, id=12692, stack(0x000000ec4e500000,0x000000ec4e600000)]
  0x0000028148e86800 JavaThread "Sweeper thread" daemon [_thread_blocked, id=10236, stack(0x000000ec4e600000,0x000000ec4e700000)]
  0x0000028149001000 JavaThread "Service Thread" daemon [_thread_blocked, id=16012, stack(0x000000ec4e700000,0x000000ec4e800000)]
  0x0000028149039000 JavaThread "Common-Cleaner" daemon [_thread_blocked, id=1692, stack(0x000000ec4e900000,0x000000ec4ea00000)]
  0x0000028149a8d800 JavaThread "Java2D Disposer" daemon [_thread_blocked, id=15116, stack(0x000000ec4eb00000,0x000000ec4ec00000)]
  0x0000028149a8e800 JavaThread "AWT-Shutdown" [_thread_blocked, id=13136, stack(0x000000ec4ec00000,0x000000ec4ed00000)]
  0x0000028149c41000 JavaThread "AWT-Windows" daemon [_thread_in_native, id=2208, stack(0x000000ec4ed00000,0x000000ec4ee00000)]
=>0x000002814996d000 JavaThread "AWT-EventQueue-0" [_thread_in_native, id=12268, stack(0x000000ec4ee00000,0x000000ec4ef00000)]
  0x0000028149128000 JavaThread "main-SharedResourceRunner" daemon [_thread_blocked, id=17584, stack(0x000000ec4ea00000,0x000000ec4eb00000)]
  0x000002814a7b9800 JavaThread "main-FPSAWTAnimator#00-Timer0" [_thread_blocked, id=3256, stack(0x000000ec4fa00000,0x000000ec4fb00000)]
  0x00000281251e4000 JavaThread "DestroyJavaVM" [_thread_blocked, id=14240, stack(0x000000ec4d900000,0x000000ec4da00000)]
  0x0000028151420800 JavaThread "Java Sound Event Dispatcher" daemon [_thread_blocked, id=12656, stack(0x000000ec4fd00000,0x000000ec4fe00000)]
  0x0000028151435000 JavaThread "Direct Clip" daemon [_thread_blocked, id=9624, stack(0x000000ec50000000,0x000000ec50100000)]
  0x0000028151465800 JavaThread "Direct Clip" daemon [_thread_blocked, id=14096, stack(0x000000ec50100000,0x000000ec50200000)]

Other Threads:
  0x0000028148e62000 VMThread "VM Thread" [stack: 0x000000ec4df00000,0x000000ec4e000000] [id=2928]
  0x0000028148fd1000 WatcherThread [stack: 0x000000ec4e800000,0x000000ec4e900000] [id=14932]
  0x00000281251f9800 GCTaskThread "GC Thread#0" [stack: 0x000000ec4da00000,0x000000ec4db00000] [id=10496]
  0x000002814a910000 GCTaskThread "GC Thread#1" [stack: 0x000000ec4f200000,0x000000ec4f300000] [id=16836]
  0x000002814a910800 GCTaskThread "GC Thread#2" [stack: 0x000000ec4f300000,0x000000ec4f400000] [id=12608]
  0x000002814a911000 GCTaskThread "GC Thread#3" [stack: 0x000000ec4f400000,0x000000ec4f500000] [id=3416]
  0x000002814a912000 GCTaskThread "GC Thread#4" [stack: 0x000000ec4f500000,0x000000ec4f600000] [id=6084]
  0x000002814a912800 GCTaskThread "GC Thread#5" [stack: 0x000000ec4f600000,0x000000ec4f700000] [id=15760]
  0x0000028125273000 ConcurrentGCThread "G1 Main Marker" [stack: 0x000000ec4db00000,0x000000ec4dc00000] [id=11336]
  0x0000028125275000 ConcurrentGCThread "G1 Conc#0" [stack: 0x000000ec4dc00000,0x000000ec4dd00000] [id=5128]
  0x0000028148054800 ConcurrentGCThread "G1 Refine#0" [stack: 0x000000ec4dd00000,0x000000ec4de00000] [id=15100]
  0x0000028148055800 ConcurrentGCThread "G1 Young RemSet Sampling" [stack: 0x000000ec4de00000,0x000000ec4df00000] [id=18228]

Threads with active compile tasks:

VM state:not at safepoint (normal execution)

VM Mutex/Monitor currently owned by a thread: None

Heap address: 0x0000000703600000, size: 4042 MB, Compressed Oops mode: Zero based, Oop shift amount: 3
Narrow klass base: 0x0000000800000000, Narrow klass shift: 0
Compressed class space size: 1073741824 Address: 0x0000000800000000

Heap:
 garbage-first heap   total 260096K, used 26296K [0x0000000703600000, 0x0000000800000000)
  region size 1024K, 23 young (23552K), 3 survivors (3072K)
 Metaspace       used 20194K, capacity 20550K, committed 20864K, reserved 1069056K
  class space    used 1903K, capacity 2060K, committed 2176K, reserved 1048576K
Heap Regions: E=young(eden), S=young(survivor), O=old, HS=humongous(starts), HC=humongous(continues), CS=collection set, F=free, A=archive, TAMS=top-at-mark-start (previous, next)
|   0|0x0000000703600000, 0x0000000703600000, 0x0000000703700000|  0%| F|  |TAMS 0x0000000703600000, 0x0000000703600000| Untracked 
|   1|0x0000000703700000, 0x00000007037ae200, 0x0000000703800000| 68%| O|  |TAMS 0x0000000703700000, 0x0000000703700000| Untracked 
|   2|0x0000000703800000, 0x0000000703900000, 0x0000000703900000|100%|HS|  |TAMS 0x0000000703800000, 0x0000000703800000| Complete 
|   3|0x0000000703900000, 0x0000000703a00000, 0x0000000703a00000|100%|HC|  |TAMS 0x0000000703900000, 0x0000000703900000| Complete 
|   4|0x0000000703a00000, 0x0000000703b00000, 0x0000000703b00000|100%|HC|  |TAMS 0x0000000703a00000, 0x0000000703a00000| Complete 
|   5|0x0000000703b00000, 0x0000000703b00000, 0x0000000703c00000|  0%| F|  |TAMS 0x0000000703b00000, 0x0000000703b00000| Untracked 
|   6|0x0000000703c00000, 0x0000000703c00000, 0x0000000703d00000|  0%| F|  |TAMS 0x0000000703c00000, 0x0000000703c00000| Untracked 
|   7|0x0000000703d00000, 0x0000000703d00000, 0x0000000703e00000|  0%| F|  |TAMS 0x0000000703d00000, 0x0000000703d00000| Untracked 
|   8|0x0000000703e00000, 0x0000000703e00000, 0x0000000703f00000|  0%| F|  |TAMS 0x0000000703e00000, 0x0000000703e00000| Untracked 
|   9|0x0000000703f00000, 0x0000000703f00000, 0x0000000704000000|  0%| F|  |TAMS 0x0000000703f00000, 0x0000000703f00000| Untracked 
|  10|0x0000000704000000, 0x0000000704000000, 0x0000000704100000|  0%| F|  |TAMS 0x0000000704000000, 0x0000000704000000| Untracked 
|  11|0x0000000704100000, 0x0000000704100000, 0x0000000704200000|  0%| F|  |TAMS 0x0000000704100000, 0x0000000704100000| Untracked 
|  12|0x0000000704200000, 0x0000000704200000, 0x0000000704300000|  0%| F|  |TAMS 0x0000000704200000, 0x0000000704200000| Untracked 
|  13|0x0000000704300000, 0x0000000704300000, 0x0000000704400000|  0%| F|  |TAMS 0x0000000704300000, 0x0000000704300000| Untracked 
|  14|0x0000000704400000, 0x0000000704400000, 0x0000000704500000|  0%| F|  |TAMS 0x0000000704400000, 0x0000000704400000| Untracked 
|  15|0x0000000704500000, 0x0000000704500000, 0x0000000704600000|  0%| F|  |TAMS 0x0000000704500000, 0x0000000704500000| Untracked 
|  16|0x0000000704600000, 0x0000000704600000, 0x0000000704700000|  0%| F|  |TAMS 0x0000000704600000, 0x0000000704600000| Untracked 
|  17|0x0000000704700000, 0x0000000704700000, 0x0000000704800000|  0%| F|  |TAMS 0x0000000704700000, 0x0000000704700000| Untracked 
|  18|0x0000000704800000, 0x0000000704800000, 0x0000000704900000|  0%| F|  |TAMS 0x0000000704800000, 0x0000000704800000| Untracked 
|  19|0x0000000704900000, 0x0000000704900000, 0x0000000704a00000|  0%| F|  |TAMS 0x0000000704900000, 0x0000000704900000| Untracked 
|  20|0x0000000704a00000, 0x0000000704a00000, 0x0000000704b00000|  0%| F|  |TAMS 0x0000000704a00000, 0x0000000704a00000| Untracked 
|  21|0x0000000704b00000, 0x0000000704b00000, 0x0000000704c00000|  0%| F|  |TAMS 0x0000000704b00000, 0x0000000704b00000| Untracked 
|  22|0x0000000704c00000, 0x0000000704c00000, 0x0000000704d00000|  0%| F|  |TAMS 0x0000000704c00000, 0x0000000704c00000| Untracked 
|  23|0x0000000704d00000, 0x0000000704d00000, 0x0000000704e00000|  0%| F|  |TAMS 0x0000000704d00000, 0x0000000704d00000| Untracked 
|  24|0x0000000704e00000, 0x0000000704e00000, 0x0000000704f00000|  0%| F|  |TAMS 0x0000000704e00000, 0x0000000704e00000| Untracked 
|  25|0x0000000704f00000, 0x0000000704f00000, 0x0000000705000000|  0%| F|  |TAMS 0x0000000704f00000, 0x0000000704f00000| Untracked 
|  26|0x0000000705000000, 0x0000000705000000, 0x0000000705100000|  0%| F|  |TAMS 0x0000000705000000, 0x0000000705000000| Untracked 
|  27|0x0000000705100000, 0x0000000705100000, 0x0000000705200000|  0%| F|  |TAMS 0x0000000705100000, 0x0000000705100000| Untracked 
|  28|0x0000000705200000, 0x0000000705200000, 0x0000000705300000|  0%| F|  |TAMS 0x0000000705200000, 0x0000000705200000| Untracked 
|  29|0x0000000705300000, 0x0000000705300000, 0x0000000705400000|  0%| F|  |TAMS 0x0000000705300000, 0x0000000705300000| Untracked 
|  30|0x0000000705400000, 0x0000000705400000, 0x0000000705500000|  0%| F|  |TAMS 0x0000000705400000, 0x0000000705400000| Untracked 
|  31|0x0000000705500000, 0x0000000705500000, 0x0000000705600000|  0%| F|  |TAMS 0x0000000705500000, 0x0000000705500000| Untracked 
|  32|0x0000000705600000, 0x0000000705600000, 0x0000000705700000|  0%| F|  |TAMS 0x0000000705600000, 0x0000000705600000| Untracked 
|  33|0x0000000705700000, 0x0000000705700000, 0x0000000705800000|  0%| F|  |TAMS 0x0000000705700000, 0x0000000705700000| Untracked 
|  34|0x0000000705800000, 0x0000000705800000, 0x0000000705900000|  0%| F|  |TAMS 0x0000000705800000, 0x0000000705800000| Untracked 
|  35|0x0000000705900000, 0x0000000705900000, 0x0000000705a00000|  0%| F|  |TAMS 0x0000000705900000, 0x0000000705900000| Untracked 
|  36|0x0000000705a00000, 0x0000000705a00000, 0x0000000705b00000|  0%| F|  |TAMS 0x0000000705a00000, 0x0000000705a00000| Untracked 
|  37|0x0000000705b00000, 0x0000000705b00000, 0x0000000705c00000|  0%| F|  |TAMS 0x0000000705b00000, 0x0000000705b00000| Untracked 
|  38|0x0000000705c00000, 0x0000000705c00000, 0x0000000705d00000|  0%| F|  |TAMS 0x0000000705c00000, 0x0000000705c00000| Untracked 
|  39|0x0000000705d00000, 0x0000000705d00000, 0x0000000705e00000|  0%| F|  |TAMS 0x0000000705d00000, 0x0000000705d00000| Untracked 
|  40|0x0000000705e00000, 0x0000000705e00000, 0x0000000705f00000|  0%| F|  |TAMS 0x0000000705e00000, 0x0000000705e00000| Untracked 
|  41|0x0000000705f00000, 0x0000000705f00000, 0x0000000706000000|  0%| F|  |TAMS 0x0000000705f00000, 0x0000000705f00000| Untracked 
|  42|0x0000000706000000, 0x0000000706000000, 0x0000000706100000|  0%| F|  |TAMS 0x0000000706000000, 0x0000000706000000| Untracked 
|  43|0x0000000706100000, 0x0000000706100000, 0x0000000706200000|  0%| F|  |TAMS 0x0000000706100000, 0x0000000706100000| Untracked 
|  44|0x0000000706200000, 0x0000000706200000, 0x0000000706300000|  0%| F|  |TAMS 0x0000000706200000, 0x0000000706200000| Untracked 
|  45|0x0000000706300000, 0x0000000706300000, 0x0000000706400000|  0%| F|  |TAMS 0x0000000706300000, 0x0000000706300000| Untracked 
|  46|0x0000000706400000, 0x0000000706400000, 0x0000000706500000|  0%| F|  |TAMS 0x0000000706400000, 0x0000000706400000| Untracked 
|  47|0x0000000706500000, 0x0000000706500000, 0x0000000706600000|  0%| F|  |TAMS 0x0000000706500000, 0x0000000706500000| Untracked 
|  48|0x0000000706600000, 0x0000000706600000, 0x0000000706700000|  0%| F|  |TAMS 0x0000000706600000, 0x0000000706600000| Untracked 
|  49|0x0000000706700000, 0x0000000706700000, 0x0000000706800000|  0%| F|  |TAMS 0x0000000706700000, 0x0000000706700000| Untracked 
|  50|0x0000000706800000, 0x0000000706800000, 0x0000000706900000|  0%| F|  |TAMS 0x0000000706800000, 0x0000000706800000| Untracked 
|  51|0x0000000706900000, 0x0000000706900000, 0x0000000706a00000|  0%| F|  |TAMS 0x0000000706900000, 0x0000000706900000| Untracked 
|  52|0x0000000706a00000, 0x0000000706a00000, 0x0000000706b00000|  0%| F|  |TAMS 0x0000000706a00000, 0x0000000706a00000| Untracked 
|  53|0x0000000706b00000, 0x0000000706b00000, 0x0000000706c00000|  0%| F|  |TAMS 0x0000000706b00000, 0x0000000706b00000| Untracked 
|  54|0x0000000706c00000, 0x0000000706c00000, 0x0000000706d00000|  0%| F|  |TAMS 0x0000000706c00000, 0x0000000706c00000| Untracked 
|  55|0x0000000706d00000, 0x0000000706d00000, 0x0000000706e00000|  0%| F|  |TAMS 0x0000000706d00000, 0x0000000706d00000| Untracked 
|  56|0x0000000706e00000, 0x0000000706e00000, 0x0000000706f00000|  0%| F|  |TAMS 0x0000000706e00000, 0x0000000706e00000| Untracked 
|  57|0x0000000706f00000, 0x0000000706f00000, 0x0000000707000000|  0%| F|  |TAMS 0x0000000706f00000, 0x0000000706f00000| Untracked 
|  58|0x0000000707000000, 0x0000000707000000, 0x0000000707100000|  0%| F|  |TAMS 0x0000000707000000, 0x0000000707000000| Untracked 
|  59|0x0000000707100000, 0x0000000707100000, 0x0000000707200000|  0%| F|  |TAMS 0x0000000707100000, 0x0000000707100000| Untracked 
|  60|0x0000000707200000, 0x0000000707200000, 0x0000000707300000|  0%| F|  |TAMS 0x0000000707200000, 0x0000000707200000| Untracked 
|  61|0x0000000707300000, 0x0000000707300000, 0x0000000707400000|  0%| F|  |TAMS 0x0000000707300000, 0x0000000707300000| Untracked 
|  62|0x0000000707400000, 0x0000000707400000, 0x0000000707500000|  0%| F|  |TAMS 0x0000000707400000, 0x0000000707400000| Untracked 
|  63|0x0000000707500000, 0x0000000707500000, 0x0000000707600000|  0%| F|  |TAMS 0x0000000707500000, 0x0000000707500000| Untracked 
|  64|0x0000000707600000, 0x0000000707600000, 0x0000000707700000|  0%| F|  |TAMS 0x0000000707600000, 0x0000000707600000| Untracked 
|  65|0x0000000707700000, 0x0000000707700000, 0x0000000707800000|  0%| F|  |TAMS 0x0000000707700000, 0x0000000707700000| Untracked 
|  66|0x0000000707800000, 0x0000000707800000, 0x0000000707900000|  0%| F|  |TAMS 0x0000000707800000, 0x0000000707800000| Untracked 
|  67|0x0000000707900000, 0x0000000707900000, 0x0000000707a00000|  0%| F|  |TAMS 0x0000000707900000, 0x0000000707900000| Untracked 
|  68|0x0000000707a00000, 0x0000000707a00000, 0x0000000707b00000|  0%| F|  |TAMS 0x0000000707a00000, 0x0000000707a00000| Untracked 
|  69|0x0000000707b00000, 0x0000000707b00000, 0x0000000707c00000|  0%| F|  |TAMS 0x0000000707b00000, 0x0000000707b00000| Untracked 
|  70|0x0000000707c00000, 0x0000000707c00000, 0x0000000707d00000|  0%| F|  |TAMS 0x0000000707c00000, 0x0000000707c00000| Untracked 
|  71|0x0000000707d00000, 0x0000000707d00000, 0x0000000707e00000|  0%| F|  |TAMS 0x0000000707d00000, 0x0000000707d00000| Untracked 
|  72|0x0000000707e00000, 0x0000000707e00000, 0x0000000707f00000|  0%| F|  |TAMS 0x0000000707e00000, 0x0000000707e00000| Untracked 
|  73|0x0000000707f00000, 0x0000000707f00000, 0x0000000708000000|  0%| F|  |TAMS 0x0000000707f00000, 0x0000000707f00000| Untracked 
|  74|0x0000000708000000, 0x0000000708000000, 0x0000000708100000|  0%| F|  |TAMS 0x0000000708000000, 0x0000000708000000| Untracked 
|  75|0x0000000708100000, 0x0000000708100000, 0x0000000708200000|  0%| F|  |TAMS 0x0000000708100000, 0x0000000708100000| Untracked 
|  76|0x0000000708200000, 0x0000000708200000, 0x0000000708300000|  0%| F|  |TAMS 0x0000000708200000, 0x0000000708200000| Untracked 
|  77|0x0000000708300000, 0x0000000708300000, 0x0000000708400000|  0%| F|  |TAMS 0x0000000708300000, 0x0000000708300000| Untracked 
|  78|0x0000000708400000, 0x0000000708400000, 0x0000000708500000|  0%| F|  |TAMS 0x0000000708400000, 0x0000000708400000| Untracked 
|  79|0x0000000708500000, 0x0000000708500000, 0x0000000708600000|  0%| F|  |TAMS 0x0000000708500000, 0x0000000708500000| Untracked 
|  80|0x0000000708600000, 0x0000000708600000, 0x0000000708700000|  0%| F|  |TAMS 0x0000000708600000, 0x0000000708600000| Untracked 
|  81|0x0000000708700000, 0x0000000708700000, 0x0000000708800000|  0%| F|  |TAMS 0x0000000708700000, 0x0000000708700000| Untracked 
|  82|0x0000000708800000, 0x0000000708800000, 0x0000000708900000|  0%| F|  |TAMS 0x0000000708800000, 0x0000000708800000| Untracked 
|  83|0x0000000708900000, 0x0000000708900000, 0x0000000708a00000|  0%| F|  |TAMS 0x0000000708900000, 0x0000000708900000| Untracked 
|  84|0x0000000708a00000, 0x0000000708a00000, 0x0000000708b00000|  0%| F|  |TAMS 0x0000000708a00000, 0x0000000708a00000| Untracked 
|  85|0x0000000708b00000, 0x0000000708b00000, 0x0000000708c00000|  0%| F|  |TAMS 0x0000000708b00000, 0x0000000708b00000| Untracked 
|  86|0x0000000708c00000, 0x0000000708c00000, 0x0000000708d00000|  0%| F|  |TAMS 0x0000000708c00000, 0x0000000708c00000| Untracked 
|  87|0x0000000708d00000, 0x0000000708d00000, 0x0000000708e00000|  0%| F|  |TAMS 0x0000000708d00000, 0x0000000708d00000| Untracked 
|  88|0x0000000708e00000, 0x0000000708e00000, 0x0000000708f00000|  0%| F|  |TAMS 0x0000000708e00000, 0x0000000708e00000| Untracked 
|  89|0x0000000708f00000, 0x0000000708f00000, 0x0000000709000000|  0%| F|  |TAMS 0x0000000708f00000, 0x0000000708f00000| Untracked 
|  90|0x0000000709000000, 0x0000000709000000, 0x0000000709100000|  0%| F|  |TAMS 0x0000000709000000, 0x0000000709000000| Untracked 
|  91|0x0000000709100000, 0x0000000709100000, 0x0000000709200000|  0%| F|  |TAMS 0x0000000709100000, 0x0000000709100000| Untracked 
|  92|0x0000000709200000, 0x0000000709200000, 0x0000000709300000|  0%| F|  |TAMS 0x0000000709200000, 0x0000000709200000| Untracked 
|  93|0x0000000709300000, 0x0000000709300000, 0x0000000709400000|  0%| F|  |TAMS 0x0000000709300000, 0x0000000709300000| Untracked 
|  94|0x0000000709400000, 0x0000000709400000, 0x0000000709500000|  0%| F|  |TAMS 0x0000000709400000, 0x0000000709400000| Untracked 
|  95|0x0000000709500000, 0x0000000709500000, 0x0000000709600000|  0%| F|  |TAMS 0x0000000709500000, 0x0000000709500000| Untracked 
|  96|0x0000000709600000, 0x0000000709600000, 0x0000000709700000|  0%| F|  |TAMS 0x0000000709600000, 0x0000000709600000| Untracked 
|  97|0x0000000709700000, 0x0000000709700000, 0x0000000709800000|  0%| F|  |TAMS 0x0000000709700000, 0x0000000709700000| Untracked 
|  98|0x0000000709800000, 0x0000000709800000, 0x0000000709900000|  0%| F|  |TAMS 0x0000000709800000, 0x0000000709800000| Untracked 
|  99|0x0000000709900000, 0x0000000709900000, 0x0000000709a00000|  0%| F|  |TAMS 0x0000000709900000, 0x0000000709900000| Untracked 
| 100|0x0000000709a00000, 0x0000000709a00000, 0x0000000709b00000|  0%| F|  |TAMS 0x0000000709a00000, 0x0000000709a00000| Untracked 
| 101|0x0000000709b00000, 0x0000000709b00000, 0x0000000709c00000|  0%| F|  |TAMS 0x0000000709b00000, 0x0000000709b00000| Untracked 
| 102|0x0000000709c00000, 0x0000000709c00000, 0x0000000709d00000|  0%| F|  |TAMS 0x0000000709c00000, 0x0000000709c00000| Untracked 
| 103|0x0000000709d00000, 0x0000000709d00000, 0x0000000709e00000|  0%| F|  |TAMS 0x0000000709d00000, 0x0000000709d00000| Untracked 
| 104|0x0000000709e00000, 0x0000000709e00000, 0x0000000709f00000|  0%| F|  |TAMS 0x0000000709e00000, 0x0000000709e00000| Untracked 
| 105|0x0000000709f00000, 0x0000000709f00000, 0x000000070a000000|  0%| F|  |TAMS 0x0000000709f00000, 0x0000000709f00000| Untracked 
| 106|0x000000070a000000, 0x000000070a000000, 0x000000070a100000|  0%| F|  |TAMS 0x000000070a000000, 0x000000070a000000| Untracked 
| 107|0x000000070a100000, 0x000000070a100000, 0x000000070a200000|  0%| F|  |TAMS 0x000000070a100000, 0x000000070a100000| Untracked 
| 108|0x000000070a200000, 0x000000070a200000, 0x000000070a300000|  0%| F|  |TAMS 0x000000070a200000, 0x000000070a200000| Untracked 
| 109|0x000000070a300000, 0x000000070a300000, 0x000000070a400000|  0%| F|  |TAMS 0x000000070a300000, 0x000000070a300000| Untracked 
| 110|0x000000070a400000, 0x000000070a400000, 0x000000070a500000|  0%| F|  |TAMS 0x000000070a400000, 0x000000070a400000| Untracked 
| 111|0x000000070a500000, 0x000000070a500000, 0x000000070a600000|  0%| F|  |TAMS 0x000000070a500000, 0x000000070a500000| Untracked 
| 112|0x000000070a600000, 0x000000070a600000, 0x000000070a700000|  0%| F|  |TAMS 0x000000070a600000, 0x000000070a600000| Untracked 
| 113|0x000000070a700000, 0x000000070a700000, 0x000000070a800000|  0%| F|  |TAMS 0x000000070a700000, 0x000000070a700000| Untracked 
| 114|0x000000070a800000, 0x000000070a800000, 0x000000070a900000|  0%| F|  |TAMS 0x000000070a800000, 0x000000070a800000| Untracked 
| 115|0x000000070a900000, 0x000000070a900000, 0x000000070aa00000|  0%| F|  |TAMS 0x000000070a900000, 0x000000070a900000| Untracked 
| 116|0x000000070aa00000, 0x000000070aa00000, 0x000000070ab00000|  0%| F|  |TAMS 0x000000070aa00000, 0x000000070aa00000| Untracked 
| 117|0x000000070ab00000, 0x000000070ab00000, 0x000000070ac00000|  0%| F|  |TAMS 0x000000070ab00000, 0x000000070ab00000| Untracked 
| 118|0x000000070ac00000, 0x000000070ac00000, 0x000000070ad00000|  0%| F|  |TAMS 0x000000070ac00000, 0x000000070ac00000| Untracked 
| 119|0x000000070ad00000, 0x000000070ad00000, 0x000000070ae00000|  0%| F|  |TAMS 0x000000070ad00000, 0x000000070ad00000| Untracked 
| 120|0x000000070ae00000, 0x000000070ae00000, 0x000000070af00000|  0%| F|  |TAMS 0x000000070ae00000, 0x000000070ae00000| Untracked 
| 121|0x000000070af00000, 0x000000070af00000, 0x000000070b000000|  0%| F|  |TAMS 0x000000070af00000, 0x000000070af00000| Untracked 
| 122|0x000000070b000000, 0x000000070b000000, 0x000000070b100000|  0%| F|  |TAMS 0x000000070b000000, 0x000000070b000000| Untracked 
| 123|0x000000070b100000, 0x000000070b100000, 0x000000070b200000|  0%| F|  |TAMS 0x000000070b100000, 0x000000070b100000| Untracked 
| 124|0x000000070b200000, 0x000000070b200000, 0x000000070b300000|  0%| F|  |TAMS 0x000000070b200000, 0x000000070b200000| Untracked 
| 125|0x000000070b300000, 0x000000070b300000, 0x000000070b400000|  0%| F|  |TAMS 0x000000070b300000, 0x000000070b300000| Untracked 
| 126|0x000000070b400000, 0x000000070b400000, 0x000000070b500000|  0%| F|  |TAMS 0x000000070b400000, 0x000000070b400000| Untracked 
| 127|0x000000070b500000, 0x000000070b500000, 0x000000070b600000|  0%| F|  |TAMS 0x000000070b500000, 0x000000070b500000| Untracked 
| 128|0x000000070b600000, 0x000000070b600000, 0x000000070b700000|  0%| F|  |TAMS 0x000000070b600000, 0x000000070b600000| Untracked 
| 129|0x000000070b700000, 0x000000070b700000, 0x000000070b800000|  0%| F|  |TAMS 0x000000070b700000, 0x000000070b700000| Untracked 
| 130|0x000000070b800000, 0x000000070b800000, 0x000000070b900000|  0%| F|  |TAMS 0x000000070b800000, 0x000000070b800000| Untracked 
| 131|0x000000070b900000, 0x000000070b900000, 0x000000070ba00000|  0%| F|  |TAMS 0x000000070b900000, 0x000000070b900000| Untracked 
| 132|0x000000070ba00000, 0x000000070ba00000, 0x000000070bb00000|  0%| F|  |TAMS 0x000000070ba00000, 0x000000070ba00000| Untracked 
| 133|0x000000070bb00000, 0x000000070bb00000, 0x000000070bc00000|  0%| F|  |TAMS 0x000000070bb00000, 0x000000070bb00000| Untracked 
| 134|0x000000070bc00000, 0x000000070bc00000, 0x000000070bd00000|  0%| F|  |TAMS 0x000000070bc00000, 0x000000070bc00000| Untracked 
| 135|0x000000070bd00000, 0x000000070bd00000, 0x000000070be00000|  0%| F|  |TAMS 0x000000070bd00000, 0x000000070bd00000| Untracked 
| 136|0x000000070be00000, 0x000000070be00000, 0x000000070bf00000|  0%| F|  |TAMS 0x000000070be00000, 0x000000070be00000| Untracked 
| 137|0x000000070bf00000, 0x000000070bf00000, 0x000000070c000000|  0%| F|  |TAMS 0x000000070bf00000, 0x000000070bf00000| Untracked 
| 138|0x000000070c000000, 0x000000070c000000, 0x000000070c100000|  0%| F|  |TAMS 0x000000070c000000, 0x000000070c000000| Untracked 
| 139|0x000000070c100000, 0x000000070c100000, 0x000000070c200000|  0%| F|  |TAMS 0x000000070c100000, 0x000000070c100000| Untracked 
| 140|0x000000070c200000, 0x000000070c200000, 0x000000070c300000|  0%| F|  |TAMS 0x000000070c200000, 0x000000070c200000| Untracked 
| 141|0x000000070c300000, 0x000000070c300000, 0x000000070c400000|  0%| F|  |TAMS 0x000000070c300000, 0x000000070c300000| Untracked 
| 142|0x000000070c400000, 0x000000070c400000, 0x000000070c500000|  0%| F|  |TAMS 0x000000070c400000, 0x000000070c400000| Untracked 
| 143|0x000000070c500000, 0x000000070c500000, 0x000000070c600000|  0%| F|  |TAMS 0x000000070c500000, 0x000000070c500000| Untracked 
| 144|0x000000070c600000, 0x000000070c600000, 0x000000070c700000|  0%| F|  |TAMS 0x000000070c600000, 0x000000070c600000| Untracked 
| 145|0x000000070c700000, 0x000000070c700000, 0x000000070c800000|  0%| F|  |TAMS 0x000000070c700000, 0x000000070c700000| Untracked 
| 146|0x000000070c800000, 0x000000070c800000, 0x000000070c900000|  0%| F|  |TAMS 0x000000070c800000, 0x000000070c800000| Untracked 
| 147|0x000000070c900000, 0x000000070c900000, 0x000000070ca00000|  0%| F|  |TAMS 0x000000070c900000, 0x000000070c900000| Untracked 
| 148|0x000000070ca00000, 0x000000070ca00000, 0x000000070cb00000|  0%| F|  |TAMS 0x000000070ca00000, 0x000000070ca00000| Untracked 
| 149|0x000000070cb00000, 0x000000070cb00000, 0x000000070cc00000|  0%| F|  |TAMS 0x000000070cb00000, 0x000000070cb00000| Untracked 
| 150|0x000000070cc00000, 0x000000070cc00000, 0x000000070cd00000|  0%| F|  |TAMS 0x000000070cc00000, 0x000000070cc00000| Untracked 
| 151|0x000000070cd00000, 0x000000070cd00000, 0x000000070ce00000|  0%| F|  |TAMS 0x000000070cd00000, 0x000000070cd00000| Untracked 
| 152|0x000000070ce00000, 0x000000070ce00000, 0x000000070cf00000|  0%| F|  |TAMS 0x000000070ce00000, 0x000000070ce00000| Untracked 
| 153|0x000000070cf00000, 0x000000070cf00000, 0x000000070d000000|  0%| F|  |TAMS 0x000000070cf00000, 0x000000070cf00000| Untracked 
| 154|0x000000070d000000, 0x000000070d000000, 0x000000070d100000|  0%| F|  |TAMS 0x000000070d000000, 0x000000070d000000| Untracked 
| 155|0x000000070d100000, 0x000000070d100000, 0x000000070d200000|  0%| F|  |TAMS 0x000000070d100000, 0x000000070d100000| Untracked 
| 156|0x000000070d200000, 0x000000070d200000, 0x000000070d300000|  0%| F|  |TAMS 0x000000070d200000, 0x000000070d200000| Untracked 
| 157|0x000000070d300000, 0x000000070d300000, 0x000000070d400000|  0%| F|  |TAMS 0x000000070d300000, 0x000000070d300000| Untracked 
| 158|0x000000070d400000, 0x000000070d400000, 0x000000070d500000|  0%| F|  |TAMS 0x000000070d400000, 0x000000070d400000| Untracked 
| 159|0x000000070d500000, 0x000000070d500000, 0x000000070d600000|  0%| F|  |TAMS 0x000000070d500000, 0x000000070d500000| Untracked 
| 160|0x000000070d600000, 0x000000070d600000, 0x000000070d700000|  0%| F|  |TAMS 0x000000070d600000, 0x000000070d600000| Untracked 
| 161|0x000000070d700000, 0x000000070d700000, 0x000000070d800000|  0%| F|  |TAMS 0x000000070d700000, 0x000000070d700000| Untracked 
| 162|0x000000070d800000, 0x000000070d800000, 0x000000070d900000|  0%| F|  |TAMS 0x000000070d800000, 0x000000070d800000| Untracked 
| 163|0x000000070d900000, 0x000000070d900000, 0x000000070da00000|  0%| F|  |TAMS 0x000000070d900000, 0x000000070d900000| Untracked 
| 164|0x000000070da00000, 0x000000070da00000, 0x000000070db00000|  0%| F|  |TAMS 0x000000070da00000, 0x000000070da00000| Untracked 
| 165|0x000000070db00000, 0x000000070db00000, 0x000000070dc00000|  0%| F|  |TAMS 0x000000070db00000, 0x000000070db00000| Untracked 
| 166|0x000000070dc00000, 0x000000070dc00000, 0x000000070dd00000|  0%| F|  |TAMS 0x000000070dc00000, 0x000000070dc00000| Untracked 
| 167|0x000000070dd00000, 0x000000070dd00000, 0x000000070de00000|  0%| F|  |TAMS 0x000000070dd00000, 0x000000070dd00000| Untracked 
| 168|0x000000070de00000, 0x000000070de00000, 0x000000070df00000|  0%| F|  |TAMS 0x000000070de00000, 0x000000070de00000| Untracked 
| 169|0x000000070df00000, 0x000000070df00000, 0x000000070e000000|  0%| F|  |TAMS 0x000000070df00000, 0x000000070df00000| Untracked 
| 170|0x000000070e000000, 0x000000070e000000, 0x000000070e100000|  0%| F|  |TAMS 0x000000070e000000, 0x000000070e000000| Untracked 
| 171|0x000000070e100000, 0x000000070e100000, 0x000000070e200000|  0%| F|  |TAMS 0x000000070e100000, 0x000000070e100000| Untracked 
| 172|0x000000070e200000, 0x000000070e200000, 0x000000070e300000|  0%| F|  |TAMS 0x000000070e200000, 0x000000070e200000| Untracked 
| 173|0x000000070e300000, 0x000000070e300000, 0x000000070e400000|  0%| F|  |TAMS 0x000000070e300000, 0x000000070e300000| Untracked 
| 174|0x000000070e400000, 0x000000070e400000, 0x000000070e500000|  0%| F|  |TAMS 0x000000070e400000, 0x000000070e400000| Untracked 
| 175|0x000000070e500000, 0x000000070e500000, 0x000000070e600000|  0%| F|  |TAMS 0x000000070e500000, 0x000000070e500000| Untracked 
| 176|0x000000070e600000, 0x000000070e600000, 0x000000070e700000|  0%| F|  |TAMS 0x000000070e600000, 0x000000070e600000| Untracked 
| 177|0x000000070e700000, 0x000000070e700000, 0x000000070e800000|  0%| F|  |TAMS 0x000000070e700000, 0x000000070e700000| Untracked 
| 178|0x000000070e800000, 0x000000070e800000, 0x000000070e900000|  0%| F|  |TAMS 0x000000070e800000, 0x000000070e800000| Untracked 
| 179|0x000000070e900000, 0x000000070e900000, 0x000000070ea00000|  0%| F|  |TAMS 0x000000070e900000, 0x000000070e900000| Untracked 
| 180|0x000000070ea00000, 0x000000070ea00000, 0x000000070eb00000|  0%| F|  |TAMS 0x000000070ea00000, 0x000000070ea00000| Untracked 
| 181|0x000000070eb00000, 0x000000070eb00000, 0x000000070ec00000|  0%| F|  |TAMS 0x000000070eb00000, 0x000000070eb00000| Untracked 
| 182|0x000000070ec00000, 0x000000070ec00000, 0x000000070ed00000|  0%| F|  |TAMS 0x000000070ec00000, 0x000000070ec00000| Untracked 
| 183|0x000000070ed00000, 0x000000070ed00000, 0x000000070ee00000|  0%| F|  |TAMS 0x000000070ed00000, 0x000000070ed00000| Untracked 
| 184|0x000000070ee00000, 0x000000070ee00000, 0x000000070ef00000|  0%| F|  |TAMS 0x000000070ee00000, 0x000000070ee00000| Untracked 
| 185|0x000000070ef00000, 0x000000070ef00000, 0x000000070f000000|  0%| F|  |TAMS 0x000000070ef00000, 0x000000070ef00000| Untracked 
| 186|0x000000070f000000, 0x000000070f000000, 0x000000070f100000|  0%| F|  |TAMS 0x000000070f000000, 0x000000070f000000| Untracked 
| 187|0x000000070f100000, 0x000000070f100000, 0x000000070f200000|  0%| F|  |TAMS 0x000000070f100000, 0x000000070f100000| Untracked 
| 188|0x000000070f200000, 0x000000070f200000, 0x000000070f300000|  0%| F|  |TAMS 0x000000070f200000, 0x000000070f200000| Untracked 
| 189|0x000000070f300000, 0x000000070f300000, 0x000000070f400000|  0%| F|  |TAMS 0x000000070f300000, 0x000000070f300000| Untracked 
| 190|0x000000070f400000, 0x000000070f400000, 0x000000070f500000|  0%| F|  |TAMS 0x000000070f400000, 0x000000070f400000| Untracked 
| 191|0x000000070f500000, 0x000000070f500000, 0x000000070f600000|  0%| F|  |TAMS 0x000000070f500000, 0x000000070f500000| Untracked 
| 192|0x000000070f600000, 0x000000070f600000, 0x000000070f700000|  0%| F|  |TAMS 0x000000070f600000, 0x000000070f600000| Untracked 
| 193|0x000000070f700000, 0x000000070f700000, 0x000000070f800000|  0%| F|  |TAMS 0x000000070f700000, 0x000000070f700000| Untracked 
| 194|0x000000070f800000, 0x000000070f800000, 0x000000070f900000|  0%| F|  |TAMS 0x000000070f800000, 0x000000070f800000| Untracked 
| 195|0x000000070f900000, 0x000000070f900000, 0x000000070fa00000|  0%| F|  |TAMS 0x000000070f900000, 0x000000070f900000| Untracked 
| 196|0x000000070fa00000, 0x000000070fa00000, 0x000000070fb00000|  0%| F|  |TAMS 0x000000070fa00000, 0x000000070fa00000| Untracked 
| 197|0x000000070fb00000, 0x000000070fb00000, 0x000000070fc00000|  0%| F|  |TAMS 0x000000070fb00000, 0x000000070fb00000| Untracked 
| 198|0x000000070fc00000, 0x000000070fc00000, 0x000000070fd00000|  0%| F|  |TAMS 0x000000070fc00000, 0x000000070fc00000| Untracked 
| 199|0x000000070fd00000, 0x000000070fd00000, 0x000000070fe00000|  0%| F|  |TAMS 0x000000070fd00000, 0x000000070fd00000| Untracked 
| 200|0x000000070fe00000, 0x000000070fe00000, 0x000000070ff00000|  0%| F|  |TAMS 0x000000070fe00000, 0x000000070fe00000| Untracked 
| 201|0x000000070ff00000, 0x000000070ff00000, 0x0000000710000000|  0%| F|  |TAMS 0x000000070ff00000, 0x000000070ff00000| Untracked 
| 202|0x0000000710000000, 0x0000000710000000, 0x0000000710100000|  0%| F|  |TAMS 0x0000000710000000, 0x0000000710000000| Untracked 
| 203|0x0000000710100000, 0x0000000710100000, 0x0000000710200000|  0%| F|  |TAMS 0x0000000710100000, 0x0000000710100000| Untracked 
| 204|0x0000000710200000, 0x0000000710200000, 0x0000000710300000|  0%| F|  |TAMS 0x0000000710200000, 0x0000000710200000| Untracked 
| 205|0x0000000710300000, 0x0000000710300000, 0x0000000710400000|  0%| F|  |TAMS 0x0000000710300000, 0x0000000710300000| Untracked 
| 206|0x0000000710400000, 0x0000000710400000, 0x0000000710500000|  0%| F|  |TAMS 0x0000000710400000, 0x0000000710400000| Untracked 
| 207|0x0000000710500000, 0x0000000710500000, 0x0000000710600000|  0%| F|  |TAMS 0x0000000710500000, 0x0000000710500000| Untracked 
| 208|0x0000000710600000, 0x0000000710600000, 0x0000000710700000|  0%| F|  |TAMS 0x0000000710600000, 0x0000000710600000| Untracked 
| 209|0x0000000710700000, 0x0000000710700000, 0x0000000710800000|  0%| F|  |TAMS 0x0000000710700000, 0x0000000710700000| Untracked 
| 210|0x0000000710800000, 0x0000000710800000, 0x0000000710900000|  0%| F|  |TAMS 0x0000000710800000, 0x0000000710800000| Untracked 
| 211|0x0000000710900000, 0x0000000710900000, 0x0000000710a00000|  0%| F|  |TAMS 0x0000000710900000, 0x0000000710900000| Untracked 
| 212|0x0000000710a00000, 0x0000000710a00000, 0x0000000710b00000|  0%| F|  |TAMS 0x0000000710a00000, 0x0000000710a00000| Untracked 
| 213|0x0000000710b00000, 0x0000000710b00000, 0x0000000710c00000|  0%| F|  |TAMS 0x0000000710b00000, 0x0000000710b00000| Untracked 
| 214|0x0000000710c00000, 0x0000000710c00000, 0x0000000710d00000|  0%| F|  |TAMS 0x0000000710c00000, 0x0000000710c00000| Untracked 
| 215|0x0000000710d00000, 0x0000000710d00000, 0x0000000710e00000|  0%| F|  |TAMS 0x0000000710d00000, 0x0000000710d00000| Untracked 
| 216|0x0000000710e00000, 0x0000000710e00000, 0x0000000710f00000|  0%| F|  |TAMS 0x0000000710e00000, 0x0000000710e00000| Untracked 
| 217|0x0000000710f00000, 0x0000000710f00000, 0x0000000711000000|  0%| F|  |TAMS 0x0000000710f00000, 0x0000000710f00000| Untracked 
| 218|0x0000000711000000, 0x0000000711000000, 0x0000000711100000|  0%| F|  |TAMS 0x0000000711000000, 0x0000000711000000| Untracked 
| 219|0x0000000711100000, 0x0000000711100000, 0x0000000711200000|  0%| F|  |TAMS 0x0000000711100000, 0x0000000711100000| Untracked 
| 220|0x0000000711200000, 0x0000000711200000, 0x0000000711300000|  0%| F|  |TAMS 0x0000000711200000, 0x0000000711200000| Untracked 
| 221|0x0000000711300000, 0x0000000711300000, 0x0000000711400000|  0%| F|  |TAMS 0x0000000711300000, 0x0000000711300000| Untracked 
| 222|0x0000000711400000, 0x0000000711400000, 0x0000000711500000|  0%| F|  |TAMS 0x0000000711400000, 0x0000000711400000| Untracked 
| 223|0x0000000711500000, 0x0000000711500000, 0x0000000711600000|  0%| F|  |TAMS 0x0000000711500000, 0x0000000711500000| Untracked 
| 224|0x0000000711600000, 0x0000000711600000, 0x0000000711700000|  0%| F|  |TAMS 0x0000000711600000, 0x0000000711600000| Untracked 
| 225|0x0000000711700000, 0x0000000711700000, 0x0000000711800000|  0%| F|  |TAMS 0x0000000711700000, 0x0000000711700000| Untracked 
| 226|0x0000000711800000, 0x0000000711800000, 0x0000000711900000|  0%| F|  |TAMS 0x0000000711800000, 0x0000000711800000| Untracked 
| 227|0x0000000711900000, 0x0000000711900000, 0x0000000711a00000|  0%| F|  |TAMS 0x0000000711900000, 0x0000000711900000| Untracked 
| 228|0x0000000711a00000, 0x0000000711a00000, 0x0000000711b00000|  0%| F|  |TAMS 0x0000000711a00000, 0x0000000711a00000| Untracked 
| 229|0x0000000711b00000, 0x0000000711c00000, 0x0000000711c00000|100%| S|CS|TAMS 0x0000000711b00000, 0x0000000711b00000| Complete 
| 230|0x0000000711c00000, 0x0000000711d00000, 0x0000000711d00000|100%| S|CS|TAMS 0x0000000711c00000, 0x0000000711c00000| Complete 
| 231|0x0000000711d00000, 0x0000000711e00000, 0x0000000711e00000|100%| S|CS|TAMS 0x0000000711d00000, 0x0000000711d00000| Complete 
| 232|0x0000000711e00000, 0x0000000711e00000, 0x0000000711f00000|  0%| F|  |TAMS 0x0000000711e00000, 0x0000000711e00000| Untracked 
| 233|0x0000000711f00000, 0x0000000711f00000, 0x0000000712000000|  0%| F|  |TAMS 0x0000000711f00000, 0x0000000711f00000| Untracked 
| 234|0x0000000712000000, 0x0000000712100000, 0x0000000712100000|100%| E|  |TAMS 0x0000000712000000, 0x0000000712000000| Complete 
| 235|0x0000000712100000, 0x0000000712200000, 0x0000000712200000|100%| E|CS|TAMS 0x0000000712100000, 0x0000000712100000| Complete 
| 236|0x0000000712200000, 0x0000000712300000, 0x0000000712300000|100%| E|CS|TAMS 0x0000000712200000, 0x0000000712200000| Complete 
| 237|0x0000000712300000, 0x0000000712400000, 0x0000000712400000|100%| E|CS|TAMS 0x0000000712300000, 0x0000000712300000| Complete 
| 238|0x0000000712400000, 0x0000000712500000, 0x0000000712500000|100%| E|CS|TAMS 0x0000000712400000, 0x0000000712400000| Complete 
| 239|0x0000000712500000, 0x0000000712600000, 0x0000000712600000|100%| E|CS|TAMS 0x0000000712500000, 0x0000000712500000| Complete 
| 240|0x0000000712600000, 0x0000000712700000, 0x0000000712700000|100%| E|CS|TAMS 0x0000000712600000, 0x0000000712600000| Complete 
| 241|0x0000000712700000, 0x0000000712800000, 0x0000000712800000|100%| E|CS|TAMS 0x0000000712700000, 0x0000000712700000| Complete 
| 242|0x0000000712800000, 0x0000000712900000, 0x0000000712900000|100%| E|CS|TAMS 0x0000000712800000, 0x0000000712800000| Complete 
| 243|0x0000000712900000, 0x0000000712a00000, 0x0000000712a00000|100%| E|CS|TAMS 0x0000000712900000, 0x0000000712900000| Complete 
| 244|0x0000000712a00000, 0x0000000712b00000, 0x0000000712b00000|100%| E|CS|TAMS 0x0000000712a00000, 0x0000000712a00000| Complete 
| 245|0x0000000712b00000, 0x0000000712c00000, 0x0000000712c00000|100%| E|CS|TAMS 0x0000000712b00000, 0x0000000712b00000| Complete 
| 246|0x0000000712c00000, 0x0000000712d00000, 0x0000000712d00000|100%| E|CS|TAMS 0x0000000712c00000, 0x0000000712c00000| Complete 
| 247|0x0000000712d00000, 0x0000000712e00000, 0x0000000712e00000|100%| E|CS|TAMS 0x0000000712d00000, 0x0000000712d00000| Complete 
| 248|0x0000000712e00000, 0x0000000712f00000, 0x0000000712f00000|100%| E|CS|TAMS 0x0000000712e00000, 0x0000000712e00000| Complete 
| 249|0x0000000712f00000, 0x0000000713000000, 0x0000000713000000|100%| E|CS|TAMS 0x0000000712f00000, 0x0000000712f00000| Complete 
| 250|0x0000000713000000, 0x0000000713100000, 0x0000000713100000|100%| E|CS|TAMS 0x0000000713000000, 0x0000000713000000| Complete 
| 251|0x0000000713100000, 0x0000000713200000, 0x0000000713200000|100%| E|CS|TAMS 0x0000000713100000, 0x0000000713100000| Complete 
| 252|0x0000000713200000, 0x0000000713300000, 0x0000000713300000|100%| E|CS|TAMS 0x0000000713200000, 0x0000000713200000| Complete 
| 253|0x0000000713300000, 0x0000000713400000, 0x0000000713400000|100%| E|CS|TAMS 0x0000000713300000, 0x0000000713300000| Complete 

Card table byte_map: [0x000002813cdd0000,0x000002813d5c0000] _byte_map_base: 0x00000281395b5000

Marking Bits (Prev, Next): (CMBitMap*) 0x00000281252623f8, (CMBitMap*) 0x0000028125262430
 Prev Bits: [0x000002813ddb0000, 0x0000028141cd8000)
 Next Bits: [0x0000028141ce0000, 0x0000028145c08000)

Polling page: 0x0000028123130000

Metaspace:

Usage:
  Non-class:     18.06 MB capacity,    17.86 MB ( 99%) used,   155.99 KB ( <1%) free+waste,    42.94 KB ( <1%) overhead. 
      Class:      2.01 MB capacity,     1.86 MB ( 92%) used,   137.73 KB (  7%) free+waste,    19.25 KB ( <1%) overhead. 
       Both:     20.07 MB capacity,    19.72 MB ( 98%) used,   293.73 KB (  1%) free+waste,    62.19 KB ( <1%) overhead. 

Virtual space:
  Non-class space:       20.00 MB reserved,      18.25 MB ( 91%) committed 
      Class space:        1.00 GB reserved,       2.13 MB ( <1%) committed 
             Both:        1.02 GB reserved,      20.38 MB (  2%) committed 

Chunk freelists:
   Non-Class:  768 bytes
       Class:  2.50 KB
        Both:  3.25 KB

CodeHeap 'non-profiled nmethods': size=120064Kb used=554Kb max_used=554Kb free=119509Kb
 bounds [0x0000028134f90000, 0x0000028135200000, 0x000002813c4d0000]
CodeHeap 'profiled nmethods': size=120000Kb used=2604Kb max_used=2604Kb free=117395Kb
 bounds [0x000002812da60000, 0x000002812dcf0000, 0x0000028134f90000]
CodeHeap 'non-nmethods': size=5696Kb used=1428Kb max_used=1431Kb free=4267Kb
 bounds [0x000002812d4d0000, 0x000002812d740000, 0x000002812da60000]
 total_blobs=2580 nmethods=1351 adapters=801
 compilation: enabled
              stopped_count=0, restarted_count=0
 full_count=0

Compilation events (10 events):
Event: 1.606 Thread 0x0000028148e80800 1348       3       java.io.File::isDirectory (43 bytes)
Event: 1.606 Thread 0x0000028148e80800 nmethod 1348 0x000002812dce9890 code [0x000002812dce9a80, 0x000002812dce9eb0]
Event: 1.606 Thread 0x0000028148e80800 1349       3       java.io.FileCleanable::register (49 bytes)
Event: 1.607 Thread 0x0000028148e80800 nmethod 1349 0x000002812dcea010 code [0x000002812dcea240, 0x000002812dceabc0]
Event: 1.607 Thread 0x0000028148e80800 1350       3       java.io.FileDescriptor$1::get (5 bytes)
Event: 1.607 Thread 0x0000028148e80800 nmethod 1350 0x000002812dceae90 code [0x000002812dceb040, 0x000002812dceb198]
Event: 1.607 Thread 0x0000028148e80800 1351       1       javax.sound.sampled.AudioFormat::getSampleSizeInBits (5 bytes)
Event: 1.607 Thread 0x0000028148e80800 nmethod 1351 0x000002813501a190 code [0x000002813501a340, 0x000002813501a458]
Event: 1.607 Thread 0x0000028148e80800 1352       1       javax.sound.sampled.AudioFormat::getFrameSize (5 bytes)
Event: 1.607 Thread 0x0000028148e80800 nmethod 1352 0x000002813501a510 code [0x000002813501a6c0, 0x000002813501a7d8]

GC Heap History (2 events):
Event: 1.080 GC heap before
{Heap before GC invocations=0 (full 0):
 garbage-first heap   total 260096K, used 22528K [0x0000000703600000, 0x0000000800000000)
  region size 1024K, 22 young (22528K), 0 survivors (0K)
 Metaspace       used 16249K, capacity 16580K, committed 17024K, reserved 1064960K
  class space    used 1415K, capacity 1543K, committed 1664K, reserved 1048576K
}
Event: 1.128 GC heap after
{Heap after GC invocations=1 (full 0):
 garbage-first heap   total 260096K, used 3768K [0x0000000703600000, 0x0000000800000000)
  region size 1024K, 3 young (3072K), 3 survivors (3072K)
 Metaspace       used 16249K, capacity 16580K, committed 17024K, reserved 1064960K
  class space    used 1415K, capacity 1543K, committed 1664K, reserved 1048576K
}

Deoptimization events (10 events):
Event: 1.386 Thread 0x0000028149128000 Uncommon trap: reason=unstable_if action=reinterpret pc=0x0000028135000c60 method=java.lang.Integer.getChars(II[B)I @ 25 c2
Event: 1.427 Thread 0x00000281251e4000 Uncommon trap: reason=unstable_if action=reinterpret pc=0x0000028134fa7a30 method=java.lang.StringUTF16.compress([CI[BII)I @ 20 c2
Event: 1.435 Thread 0x00000281251e4000 Uncommon trap: reason=unstable_if action=reinterpret pc=0x0000028134fe7cbc method=java.lang.String.startsWith(Ljava/lang/String;I)Z @ 14 c2
Event: 1.449 Thread 0x00000281251e4000 Uncommon trap: reason=unstable_if action=reinterpret pc=0x0000028135006da4 method=java.lang.reflect.AccessibleObject.checkCanSetAccessible(Ljava/lang/Class;Ljava/lang/Class;Z)Z @ 30 c2
Event: 1.524 Thread 0x000002814996d000 Uncommon trap: reason=unstable_if action=reinterpret pc=0x0000028134fea7dc method=java.io.WinNTFileSystem.normalize(Ljava/lang/String;II)Ljava/lang/String; @ 100 c2
Event: 1.532 Thread 0x000002814996d000 Uncommon trap: reason=unstable_if action=reinterpret pc=0x0000028134ffb934 method=java.lang.AbstractStringBuilder.putStringAt(ILjava/lang/String;)V @ 8 c2
Event: 1.532 Thread 0x000002814996d000 Uncommon trap: reason=unstable_if action=reinterpret pc=0x0000028134fb839c method=java.lang.AbstractStringBuilder.putStringAt(ILjava/lang/String;)V @ 8 c2
Event: 1.532 Thread 0x000002814996d000 Uncommon trap: reason=unstable_if action=reinterpret pc=0x0000028134fe4c78 method=java.lang.AbstractStringBuilder.isLatin1()Z @ 10 c2
Event: 1.532 Thread 0x000002814996d000 Uncommon trap: reason=unstable_if action=reinterpret pc=0x0000028134ffd058 method=java.lang.AbstractStringBuilder.isLatin1()Z @ 10 c2
Event: 1.534 Thread 0x000002814996d000 Uncommon trap: reason=unstable_if action=reinterpret pc=0x0000028134f9c880 method=java.io.WinNTFileSystem.isSlash(C)Z @ 9 c2

Classes redefined (0 events):
No events

Internal exceptions (10 events):
Event: 0.497 Thread 0x00000281251e4000 Exception <a 'java/lang/NoSuchMethodError'{0x0000000712600330}: java.lang.invoke.DirectMethodHandle$Holder.invokeStaticInit(Ljava/lang/Object;Ljava/lang/Object;JLjava/lang/Object;)Ljava/lang/Object;> (0x0000000712600330) thrown at [t:/workspace/open/src/h
Event: 0.497 Thread 0x00000281251e4000 Exception <a 'java/lang/NoSuchMethodError'{0x00000007126064e8}: java.lang.invoke.DirectMethodHandle$Holder.invokeStatic(Ljava/lang/Object;Ljava/lang/Object;J)Ljava/lang/Object;> (0x00000007126064e8) thrown at [t:/workspace/open/src/hotspot/share/interpret
Event: 0.497 Thread 0x00000281251e4000 Exception <a 'java/lang/NoSuchMethodError'{0x000000071260c7b8}: java.lang.invoke.Invokers$Holder.linkToTargetMethod(Ljava/lang/Object;JLjava/lang/Object;)Ljava/lang/Object;> (0x000000071260c7b8) thrown at [t:/workspace/open/src/hotspot/share/interpreter/l
Event: 0.547 Thread 0x00000281251e4000 Exception <a 'sun/nio/fs/WindowsException'{0x00000007126568b0}> (0x00000007126568b0) thrown at [t:/workspace/open/src/hotspot/share/prims/jni.cpp, line 615]
Event: 1.410 Thread 0x00000281251e4000 Exception <a 'java/lang/NoSuchMethodError'{0x0000000712525fa8}: java.lang.invoke.DirectMethodHandle$Holder.invokeStaticInit(Ljava/lang/Object;)V> (0x0000000712525fa8) thrown at [t:/workspace/open/src/hotspot/share/interpreter/linkResolver.cpp, line 772]
Event: 1.438 Thread 0x00000281251e4000 Exception <a 'java/lang/NoSuchMethodError'{0x00000007124eb098}: java.lang.invoke.DirectMethodHandle$Holder.invokeStatic(Ljava/lang/Object;Ljava/lang/Object;Ljava/lang/Object;Ljava/lang/Object;Ljava/lang/Object;Ljava/lang/Object;Ljava/lang/Object;Ljava/lan
Event: 1.439 Thread 0x00000281251e4000 Exception <a 'java/lang/NoSuchMethodError'{0x0000000712309758}: java.lang.invoke.DirectMethodHandle$Holder.invokeStatic(Ljava/lang/Object;Ljava/lang/Object;Ljava/lang/Object;Ljava/lang/Object;Ljava/lang/Object;Ljava/lang/Object;Ljava/lang/Object;Ljava/lan
Event: 1.440 Thread 0x00000281251e4000 Exception <a 'java/lang/NoSuchMethodError'{0x00000007123286e8}: java.lang.invoke.DirectMethodHandle$Holder.invokeStatic(Ljava/lang/Object;Ljava/lang/Object;Ljava/lang/Object;Ljava/lang/Object;Ljava/lang/Object;Ljava/lang/Object;Ljava/lang/Object;Ljava/lan
Event: 1.440 Thread 0x00000281251e4000 Exception <a 'java/lang/NoSuchMethodError'{0x0000000712334898}: java.lang.invoke.Invokers$Holder.linkToTargetMethod(Ljava/lang/Object;ILjava/lang/Object;)Ljava/lang/Object;> (0x0000000712334898) thrown at [t:/workspace/open/src/hotspot/share/interpreter/l
Event: 1.449 Thread 0x00000281251e4000 Exception <a 'java/lang/reflect/InvocationTargetException'{0x000000071234f9c0}> (0x000000071234f9c0) thrown at [t:/workspace/open/src/hotspot/share/runtime/reflection.cpp, line 1242]

Events (10 events):
Event: 1.589 loading class javax/sound/sampled/LineEvent done
Event: 1.589 loading class javax/sound/sampled/LineEvent$Type
Event: 1.589 loading class javax/sound/sampled/LineEvent$Type done
Event: 1.589 loading class com/sun/media/sound/EventDispatcher
Event: 1.589 loading class com/sun/media/sound/EventDispatcher done
Event: 1.589 Thread 0x0000028151420800 Thread added: 0x0000028151420800
Event: 1.589 Executing VM operation: RevokeBias
Event: 1.589 Executing VM operation: RevokeBias done
Event: 1.606 Thread 0x0000028151435000 Thread added: 0x0000028151435000
Event: 1.611 Thread 0x0000028151465800 Thread added: 0x0000028151465800


Dynamic libraries:
0x00007ff710f10000 - 0x00007ff710f57000 	C:\Users\mawan6\OneDrive - George Mason University - O365 Production\jdk-11\bin\javaw.exe
0x00007ffb239d0000 - 0x00007ffb23be7000 	C:\WINDOWS\SYSTEM32\ntdll.dll
0x00007ffb22bf0000 - 0x00007ffb22cb4000 	C:\WINDOWS\System32\KERNEL32.DLL
0x00007ffb21340000 - 0x00007ffb216f7000 	C:\WINDOWS\System32\KERNELBASE.dll
0x00007ffb1ca40000 - 0x00007ffb1cad7000 	C:\WINDOWS\SYSTEM32\apphelp.dll
0x00007ffb23670000 - 0x00007ffb23722000 	C:\WINDOWS\System32\ADVAPI32.dll
0x00007ffb23050000 - 0x00007ffb230f7000 	C:\WINDOWS\System32\msvcrt.dll
0x00007ffb23560000 - 0x00007ffb23608000 	C:\WINDOWS\System32\sechost.dll
0x00007ffb21310000 - 0x00007ffb21338000 	C:\WINDOWS\System32\bcrypt.dll
0x00007ffb229b0000 - 0x00007ffb22ac4000 	C:\WINDOWS\System32\RPCRT4.dll
0x00007ffb21700000 - 0x00007ffb218af000 	C:\WINDOWS\System32\USER32.dll
0x00007ffb20e00000 - 0x00007ffb20e26000 	C:\WINDOWS\System32\win32u.dll
0x00007ffb233d0000 - 0x00007ffb233f9000 	C:\WINDOWS\System32\GDI32.dll
0x00007ffb20ea0000 - 0x00007ffb20fb8000 	C:\WINDOWS\System32\gdi32full.dll
0x00007ffb21130000 - 0x00007ffb211ca000 	C:\WINDOWS\System32\msvcp_win.dll
0x00007ffb20ce0000 - 0x00007ffb20df1000 	C:\WINDOWS\System32\ucrtbase.dll
0x00007ffb026e0000 - 0x00007ffb02973000 	C:\WINDOWS\WinSxS\amd64_microsoft.windows.common-controls_6595b64144ccf1df_6.0.22621.3672_none_2713b9d173822955\COMCTL32.dll
0x00007ffb1cb90000 - 0x00007ffb1cb9a000 	C:\WINDOWS\SYSTEM32\VERSION.dll
0x00007ffb22b90000 - 0x00007ffb22bc1000 	C:\WINDOWS\System32\IMM32.DLL
0x00007ffb18620000 - 0x00007ffb18636000 	C:\Users\mawan6\OneDrive - George Mason University - O365 Production\jdk-11\bin\vcruntime140.dll
0x00007ffb07830000 - 0x00007ffb078da000 	C:\Users\mawan6\OneDrive - George Mason University - O365 Production\jdk-11\bin\msvcp140.dll
0x00007ffa9c740000 - 0x00007ffa9d282000 	C:\Users\mawan6\OneDrive - George Mason University - O365 Production\jdk-11\bin\server\jvm.dll
0x00007ffb23200000 - 0x00007ffb23208000 	C:\WINDOWS\System32\PSAPI.DLL
0x00007ffb113a0000 - 0x00007ffb113a9000 	C:\WINDOWS\SYSTEM32\WSOCK32.dll
0x00007ffb0ed80000 - 0x00007ffb0edb4000 	C:\WINDOWS\SYSTEM32\WINMM.dll
0x00007ffb23750000 - 0x00007ffb237c1000 	C:\WINDOWS\System32\WS2_32.dll
0x00007ffb1fc90000 - 0x00007ffb1fca8000 	C:\WINDOWS\SYSTEM32\kernel.appcore.dll
0x00007ffb18450000 - 0x00007ffb18461000 	C:\Users\mawan6\OneDrive - George Mason University - O365 Production\jdk-11\bin\verify.dll
0x00007ffae9200000 - 0x00007ffae9432000 	C:\WINDOWS\SYSTEM32\DBGHELP.DLL
0x00007ffb22cc0000 - 0x00007ffb2304e000 	C:\WINDOWS\System32\combase.dll
0x00007ffb22000000 - 0x00007ffb220d7000 	C:\WINDOWS\System32\OLEAUT32.dll
0x00007ffb18320000 - 0x00007ffb18352000 	C:\WINDOWS\SYSTEM32\dbgcore.DLL
0x00007ffb211d0000 - 0x00007ffb2124b000 	C:\WINDOWS\System32\bcryptPrimitives.dll
0x00007ffb11e40000 - 0x00007ffb11e69000 	C:\Users\mawan6\OneDrive - George Mason University - O365 Production\jdk-11\bin\java.dll
0x00007ffb11e20000 - 0x00007ffb11e36000 	C:\Users\mawan6\OneDrive - George Mason University - O365 Production\jdk-11\bin\zip.dll
0x00007ffb1cd80000 - 0x00007ffb1cd8a000 	C:\Users\mawan6\OneDrive - George Mason University - O365 Production\jdk-11\bin\jimage.dll
0x00007ffb220e0000 - 0x00007ffb22949000 	C:\WINDOWS\System32\SHELL32.dll
0x00007ffb1eb50000 - 0x00007ffb1f44f000 	C:\WINDOWS\SYSTEM32\windows.storage.dll
0x00007ffb1ea10000 - 0x00007ffb1eb4f000 	C:\WINDOWS\SYSTEM32\wintypes.dll
0x00007ffb23100000 - 0x00007ffb231f9000 	C:\WINDOWS\System32\SHCORE.dll
0x00007ffb22950000 - 0x00007ffb229ae000 	C:\WINDOWS\System32\shlwapi.dll
0x00007ffb20c10000 - 0x00007ffb20c37000 	C:\WINDOWS\SYSTEM32\profapi.dll
0x00007ffb11e00000 - 0x00007ffb11e19000 	C:\Users\mawan6\OneDrive - George Mason University - O365 Production\jdk-11\bin\net.dll
0x00007ffb1aad0000 - 0x00007ffb1ac06000 	C:\WINDOWS\SYSTEM32\WINHTTP.dll
0x00007ffb20150000 - 0x00007ffb201b9000 	C:\WINDOWS\system32\mswsock.dll
0x00007ffb11ca0000 - 0x00007ffb11cb3000 	C:\Users\mawan6\OneDrive - George Mason University - O365 Production\jdk-11\bin\nio.dll
0x00007ffaa31e0000 - 0x00007ffaa337f000 	C:\Users\mawan6\OneDrive - George Mason University - O365 Production\jdk-11\bin\awt.dll
0x00007ffb1ba40000 - 0x00007ffb1c02e000 	C:\WINDOWS\SYSTEM32\d2d1.dll
0x00007ffb1e450000 - 0x00007ffb1e47b000 	C:\WINDOWS\system32\DWMAPI.DLL
0x00007ffb1e000000 - 0x00007ffb1e0b1000 	C:\WINDOWS\system32\uxtheme.dll
0x00007ffb07fb0000 - 0x00007ffb080b0000 	C:\WINDOWS\system32\opengl32.dll
0x00007ffb08fc0000 - 0x00007ffb08fed000 	C:\WINDOWS\SYSTEM32\GLU32.dll
0x00007ffb1e110000 - 0x00007ffb1e147000 	C:\WINDOWS\SYSTEM32\dxcore.dll
0x00007ffb237d0000 - 0x00007ffb23930000 	C:\WINDOWS\System32\MSCTF.dll
0x00007ffb218b0000 - 0x00007ffb21a55000 	C:\WINDOWS\System32\ole32.dll
0x00007ffb204a0000 - 0x00007ffb204bb000 	C:\WINDOWS\SYSTEM32\CRYPTSP.dll
0x00007ffb1fc50000 - 0x00007ffb1fc85000 	C:\WINDOWS\system32\rsaenh.dll
0x00007ffb201f0000 - 0x00007ffb20218000 	C:\WINDOWS\SYSTEM32\USERENV.dll
0x00007ffb20480000 - 0x00007ffb2048c000 	C:\WINDOWS\SYSTEM32\CRYPTBASE.dll
0x00007ffb1f540000 - 0x00007ffb1f56d000 	C:\WINDOWS\SYSTEM32\IPHLPAPI.DLL
0x00007ffb22ad0000 - 0x00007ffb22ad9000 	C:\WINDOWS\System32\NSI.dll
0x00007ffb1d460000 - 0x00007ffb1d479000 	C:\WINDOWS\SYSTEM32\dhcpcsvc6.DLL
0x00007ffb1d1f0000 - 0x00007ffb1d20f000 	C:\WINDOWS\SYSTEM32\dhcpcsvc.DLL
0x00007ffb1f5a0000 - 0x00007ffb1f6a2000 	C:\WINDOWS\SYSTEM32\DNSAPI.dll
0x00000000637c0000 - 0x00000000637cd000 	C:\Users\mawan6\AppData\Local\Temp\jogamp_0000\file_cache\jln12314653615446308813\jln5695474215608553798\natives\windows-amd64\gluegen-rt.dll
0x00007ffb17340000 - 0x00007ffb17347000 	C:\Users\mawan6\OneDrive - George Mason University - O365 Production\jdk-11\bin\jawt.dll
0x000000006a440000 - 0x000000006a44d000 	C:\Users\mawan6\AppData\Local\Temp\jogamp_0000\file_cache\jln12314653615446308813\jln5695474215608553798\natives\windows-amd64\nativewindow_awt.dll
0x000000006c100000 - 0x000000006c10f000 	C:\Users\mawan6\AppData\Local\Temp\jogamp_0000\file_cache\jln12314653615446308813\jln5695474215608553798\natives\windows-amd64\nativewindow_win32.dll
0x0000000064500000 - 0x00000000645b1000 	C:\Users\mawan6\AppData\Local\Temp\jogamp_0000\file_cache\jln12314653615446308813\jln5695474215608553798\natives\windows-amd64\jogl_desktop.dll
0x0000000064340000 - 0x00000000643a2000 	C:\Users\mawan6\AppData\Local\Temp\jogamp_0000\file_cache\jln12314653615446308813\jln5695474215608553798\natives\windows-amd64\jogl_mobile.dll
0x00007ffb19800000 - 0x00007ffb19849000 	C:\WINDOWS\SYSTEM32\directxdatabasehelper.dll
0x00007ffb22ae0000 - 0x00007ffb22b90000 	C:\WINDOWS\System32\clbcatq.dll
0x00007ffb19100000 - 0x00007ffb19244000 	C:\Windows\System32\AppXDeploymentClient.dll
0x00007ffa9b690000 - 0x00007ffa9c735000 	C:\WINDOWS\System32\DriverStore\FileRepository\iigd_dch.inf_amd64_325f70e261e5a9de\ig9icd64.dll
0x00007ffb1e160000 - 0x00007ffb1e257000 	C:\WINDOWS\system32\dxgi.dll
0x00007ffb07700000 - 0x00007ffb0782c000 	C:\WINDOWS\System32\DriverStore\FileRepository\iigd_dch.inf_amd64_325f70e261e5a9de\igdml64.dll
0x00007ffb15570000 - 0x00007ffb15979000 	C:\WINDOWS\System32\DriverStore\FileRepository\iigd_dch.inf_amd64_325f70e261e5a9de\igdgmm64.dll
0x00007ffae3330000 - 0x00007ffae6ac4000 	C:\WINDOWS\System32\DriverStore\FileRepository\iigd_dch.inf_amd64_325f70e261e5a9de\igc64.dll
0x00007ffb20bb0000 - 0x00007ffb20bfd000 	C:\WINDOWS\SYSTEM32\powrprof.dll
0x00007ffb20b90000 - 0x00007ffb20ba3000 	C:\WINDOWS\SYSTEM32\UMPDC.dll
0x00007ffb00840000 - 0x00007ffb008c0000 	C:\Users\mawan6\OneDrive - George Mason University - O365 Production\jdk-11\bin\freetype.dll
0x00007ffb050e0000 - 0x00007ffb0514f000 	C:\Users\mawan6\OneDrive - George Mason University - O365 Production\jdk-11\bin\fontmanager.dll
0x00007ffafb150000 - 0x00007ffafb293000 	C:\WINDOWS\SYSTEM32\textinputframework.dll
0x00007ffb0c620000 - 0x00007ffb0c632000 	C:\Users\mawan6\OneDrive - George Mason University - O365 Production\jdk-11\bin\jsound.dll
0x00007ffafc280000 - 0x00007ffafc322000 	C:\WINDOWS\SYSTEM32\DSOUND.dll
0x00007ffb0f530000 - 0x00007ffb0f559000 	C:\WINDOWS\SYSTEM32\winmmbase.dll
0x00007ffaf22b0000 - 0x00007ffaf2361000 	C:\WINDOWS\SYSTEM32\ResampleDmo.DLL
0x00007ffb1c210000 - 0x00007ffb1c21b000 	C:\WINDOWS\SYSTEM32\msdmo.dll
0x00007ffb17590000 - 0x00007ffb1762e000 	C:\WINDOWS\System32\MMDevApi.dll
0x00007ffb208b0000 - 0x00007ffb208dc000 	C:\WINDOWS\System32\DEVOBJ.dll
0x00007ffb208e0000 - 0x00007ffb2092e000 	C:\WINDOWS\SYSTEM32\cfgmgr32.dll
0x00007ffb053f0000 - 0x00007ffb05436000 	C:\WINDOWS\SYSTEM32\wdmaud.drv
0x00007ffb1a5f0000 - 0x00007ffb1a5fb000 	C:\WINDOWS\SYSTEM32\AVRT.dll
0x00007ffaff0e0000 - 0x00007ffaff0e9000 	C:\WINDOWS\SYSTEM32\ksuser.dll
0x00007ffb117e0000 - 0x00007ffb119cd000 	C:\WINDOWS\SYSTEM32\AUDIOSES.DLL
0x00007ffb1e0e0000 - 0x00007ffb1e0ee000 	C:\WINDOWS\SYSTEM32\msacm32.drv
0x00007ffb1cb20000 - 0x00007ffb1cb3e000 	C:\WINDOWS\SYSTEM32\MSACM32.dll
0x00007ffb1cb10000 - 0x00007ffb1cb1b000 	C:\WINDOWS\SYSTEM32\midimap.dll
0x00007ffb041b0000 - 0x00007ffb04329000 	C:\Windows\System32\Windows.UI.dll
0x00007ffb1e4d0000 - 0x00007ffb1e4e5000 	C:\WINDOWS\SYSTEM32\resourcepolicyclient.dll

dbghelp: loaded successfully - version: 4.0.5 - missing functions: none
symbol engine: initialized successfully - sym options: 0x614 - pdb path: .;C:\Users\mawan6\OneDrive - George Mason University - O365 Production\jdk-11\bin;C:\WINDOWS\SYSTEM32;C:\WINDOWS\WinSxS\amd64_microsoft.windows.common-controls_6595b64144ccf1df_6.0.22621.3672_none_2713b9d173822955;C:\Users\mawan6\OneDrive - George Mason University - O365 Production\jdk-11\bin\server;C:\Users\mawan6\AppData\Local\Temp\jogamp_0000\file_cache\jln12314653615446308813\jln5695474215608553798\natives\windows-amd64;C:\WINDOWS\System32\DriverStore\FileRepository\iigd_dch.inf_amd64_325f70e261e5a9de

VM Arguments:
jvm_args: -Djava.library.path=C:\Users\mawan6\OneDrive - George Mason University - O365 Production\CS551\JOGL2022\jogamp-all-platforms\lib\windows-amd64;C:\Users\mawan6\OneDrive - George Mason University - O365 Production\CS551\JOGL2022\jogamp-all-platforms\lib\windows-amd64 -Dfile.encoding=UTF-8 -Dstdout.encoding=UTF-8 -Dstderr.encoding=UTF-8 
java_command: HW5_BounceInCircle
java_class_path (initial): C:\Users\mawan6\OneDrive - George Mason University - O365 Production\CS551\JOGL2022\bin;C:\Users\mawan6\OneDrive - George Mason University - O365 Production\CS551\JOGL2022\jogamp-all-platforms\jar\atomic\gluegen-gl.jar;C:\Users\mawan6\OneDrive - George Mason University - O365 Production\CS551\JOGL2022\jogamp-all-platforms\jar\atomic\jogl.jar;C:\Users\mawan6\OneDrive - George Mason University - O365 Production\CS551\JOGL2022\jogamp-all-platforms\jar\atomic\jogl-awt.jar;C:\Users\mawan6\OneDrive - George Mason University - O365 Production\CS551\JOGL2022\jogamp-all-platforms\jar\atomic\jogl-cg.jar;C:\Users\mawan6\OneDrive - George Mason University - O365 Production\CS551\JOGL2022\jogamp-all-platforms\jar\atomic\jogl-cg-natives-android-aarch64.jar;C:\Users\mawan6\OneDrive - George Mason University - O365 Production\CS551\JOGL2022\jogamp-all-platforms\jar\atomic\jogl-cg-natives-android-armv6.jar;C:\Users\mawan6\OneDrive - George Mason University - O365 Production\CS551\JOGL2022\jogamp-all-platforms\jar\atomic\jogl-cg-natives-linux-amd64.jar;C:\Users\mawan6\OneDrive - George Mason University - O365 Production\CS551\JOGL2022\jogamp-all-platforms\jar\atomic\jogl-cg-natives-linux-armv6.jar;C:\Users\mawan6\OneDrive - George Mason University - O365 Production\CS551\JOGL2022\jogamp-all-platforms\jar\atomic\jogl-cg-natives-linux-armv6hf.jar;C:\Users\mawan6\OneDrive - George Mason University - O365 Production\CS551\JOGL2022\jogamp-all-platforms\jar\atomic\jogl-cg-natives-linux-i586.jar;C:\Users\mawan6\OneDrive - George Mason University - O365 Production\CS551\JOGL2022\jogamp-all-platforms\jar\atomic\jogl-cg-natives-macosx-universal.jar;C:\Users\mawan6\OneDrive - George Mason University - O365 Production\CS551\JOGL2022\jogamp-all-platforms\jar\atomic\jogl-cg-natives-solaris-amd64.jar;C:\Users\mawan6\OneDrive - George Mason University - O365 Production\CS551\JOGL2022\jogamp-all-platforms\jar\atomic\jogl-cg-natives-solaris-i586.jar;C:\Users\mawan6\OneDriv
Launcher Type: SUN_STANDARD

[Global flags]
     intx CICompilerCount                          = 3                                         {product} {ergonomic}
     uint ConcGCThreads                            = 2                                         {product} {ergonomic}
     uint G1ConcRefinementThreads                  = 6                                         {product} {ergonomic}
   size_t G1HeapRegionSize                         = 1048576                                   {product} {ergonomic}
    uintx GCDrainStackTargetSize                   = 64                                        {product} {ergonomic}
   size_t InitialHeapSize                          = 266338304                                 {product} {ergonomic}
   size_t MarkStackSize                            = 4194304                                   {product} {ergonomic}
   size_t MaxHeapSize                              = 4238344192                                {product} {ergonomic}
   size_t MaxNewSize                               = 2542796800                                {product} {ergonomic}
   size_t MinHeapDeltaBytes                        = 1048576                                   {product} {ergonomic}
    uintx NonNMethodCodeHeapSize                   = 5830092                                {pd product} {ergonomic}
    uintx NonProfiledCodeHeapSize                  = 122914074                              {pd product} {ergonomic}
    uintx ProfiledCodeHeapSize                     = 122914074                              {pd product} {ergonomic}
    uintx ReservedCodeCacheSize                    = 251658240                              {pd product} {ergonomic}
     bool SegmentedCodeCache                       = true                                      {product} {ergonomic}
     bool UseCompressedClassPointers               = true                                 {lp64_product} {ergonomic}
     bool UseCompressedOops                        = true                                 {lp64_product} {ergonomic}
     bool UseG1GC                                  = true                                      {product} {ergonomic}
     bool UseLargePagesIndividualAllocation        = false                                  {pd product} {ergonomic}

Logging:
Log output configuration:
 #0: stdout all=warning uptime,level,tags
 #1: stderr all=off uptime,level,tags

Environment Variables:
JAVA_HOME=C:\Program Files\OpenJDK\jdk-22.0.1\bin
PATH=C:/Program Files/eclipse-2024-03-R/eclipse//plugins/org.eclipse.justj.openjdk.hotspot.jre.full.win32.x86_64_17.0.10.v20240120-1143/jre/bin/server;C:/Program Files/eclipse-2024-03-R/eclipse//plugins/org.eclipse.justj.openjdk.hotspot.jre.full.win32.x86_64_17.0.10.v20240120-1143/jre/bin;C:\WINDOWS\CCM\;C:\WINDOWS\system32;C:\WINDOWS;C:\WINDOWS\System32\Wbem;C:\WINDOWS\System32\WindowsPowerShell\v1.0\;C:\WINDOWS\System32\OpenSSH\;C:\WINDOWS\system32\config\systemprofile\AppData\Local\Microsoft\WindowsApps;C:\Program Files\OpenJDK\20.0.1\bin;C:\Program Files\Microsoft VS Code\bin;C:\Program Files\dotnet\;C:\Program Files\SASHome\SASFoundation\9.4\core\sasexe;C:\Program Files\SASHome\SASFoundation\9.4\ets\sasexe;C:\Program Files (x86)\PharosSystems\Core;C:\Program Files\OpenJDK\20.0.1\bin;C:\Program Files\OpenJDK\jdk-22.0.1\bin;C:\Program Files\Wolfram Research\WolframScript\;C:\MatlabR2024a\runtime\win64;C:\MatlabR2024a\bin;C:\Program Files\PuTTY\;C:\Users\mawan6\AppData\Local\Microsoft\WindowsApps;;C:\WINDOWS\system32;
USERNAME=mawan6
OS=Windows_NT
PROCESSOR_IDENTIFIER=Intel64 Family 6 Model 158 Stepping 10, GenuineIntel



---------------  S Y S T E M  ---------------

OS: Windows 10 , 64 bit Build 22621 (10.0.22621.3958)

CPU:total 6 (initial active 6) (6 cores per cpu, 1 threads per core) family 6 model 158 stepping 10, cmov, cx8, fxsr, mmx, sse, sse2, sse3, ssse3, sse4.1, sse4.2, popcnt, avx, avx2, aes, clmul, erms, rtm, 3dnowpref, lzcnt, tsc, tscinvbit, bmi1, bmi2, adx, fma

Memory: 4k page, system-wide physical 16165M (6861M free)
TotalPageFile size 18597M (AvailPageFile size 9873M)
current process WorkingSet (physical memory assigned to process): 164M, peak: 164M
current process commit charge ("private bytes"): 390M, peak: 394M

vm_info: Java HotSpot(TM) 64-Bit Server VM (11+28) for windows-amd64 JRE (11+28), built on Aug 23 2018 03:03:59 by "mach5one" with MS VC++ 15.5 (VS2017)

END.
